
Xvnc Free Edition 4.1.1 - built Feb 25 2015 23:02:21
Copyright (C) 2002-2005 RealVNC Ltd.
See http://www.realvnc.com for information on VNC.
Underlying X server release 40300000, The XFree86 Project, Inc


Thu Feb 20 09:44:02 2020
 vncext:      VNC extension running!
 vncext:      Listening for VNC connections on port 5919
 vncext:      created VNC server for screen 0
error opening security policy file /etc/X11/xserver/SecurityPolicy
Could not init font path element /usr/X11R6/lib/X11/fonts/Type1/, removing from list!
Could not init font path element /usr/X11R6/lib/X11/fonts/Speedo/, removing from list!
Could not init font path element /usr/X11R6/lib/X11/fonts/misc/, removing from list!
Could not init font path element /usr/X11R6/lib/X11/fonts/75dpi/, removing from list!
Could not init font path element /usr/X11R6/lib/X11/fonts/100dpi/, removing from list!
Could not init font path element /usr/share/fonts/X11/75dpi/, removing from list!
Could not init font path element /usr/share/fonts/X11/100dpi/, removing from list!
xrdb: No such file or directory
xrdb: can't open file '/home/is28/beresnev28/.Xresources'
/usr/bin/startxfce4: X server already running on display :19
gpg-agent[32626]: WARNING: "--write-env-file" is an obsolete option - it has no effect
gpg-agent: a gpg-agent is already running - not starting a new one

(xfce4-session:32613): xfce4-session-WARNING **: 09:44:05.920: gpg-agent returned no PID in the variables

(xfce4-session:32613): xfce4-session-WARNING **: 09:44:05.922: xfsm_manager_load_session: Something wrong with /home/is28/beresnev28/.cache/sessions/xfce4-session-virt-1:19, Does it exist? Permissions issue?

(xfwm4:32630): xfwm4-WARNING **: 09:44:05.968: The display does not support the XRender extension.

(xfwm4:32630): xfwm4-WARNING **: 09:44:05.969: The display does not support the XComposite extension.

(xfwm4:32630): xfwm4-WARNING **: 09:44:05.969: The display does not support the XDamage extension.

(xfwm4:32630): xfwm4-WARNING **: 09:44:05.969: The display does not support the XFixes extension.

(xfwm4:32630): xfwm4-WARNING **: 09:44:05.969: Compositing manager disabled.

** (light-locker:32639): ERROR **: 09:44:06.012: Environment variable XDG_SESSION_PATH not set. Is LightDM running?

(polkit-gnome-authentication-agent-1:32641): GLib-CRITICAL **: 09:44:06.039: g_variant_new_string: assertion 'string != NULL' failed

(polkit-gnome-authentication-agent-1:32641): polkit-gnome-1-WARNING **: 09:44:06.040: Failed to register client: GDBus.Error:org.freedesktop.DBus.Error.ServiceUnknown: The name org.gnome.SessionManager was not provided by any .service files

(xfsettingsd:32643): xfsettingsd-CRITICAL **: 09:44:06.097: RANDR extension is too old, version 1.1. Display settings won't be applied.
Xlib:  extension "XInputExtension" missing on display ":19.0".

(xfsettingsd:32643): xfsettingsd-CRITICAL **: 09:44:06.102: XI is not present.

(xfsettingsd:32643): xfsettingsd-CRITICAL **: 09:44:06.102: Failed to initialize the Xkb extension.

(xfsettingsd:32643): xfsettingsd-CRITICAL **: 09:44:06.103: Failed to initialize the Accessibility extension.
xfwm4-Message: 09:44:06.122: Unsupported keyboard modifier '<Super>Tab'
(uint32 1,)
xfwm4-Message: 09:44:06.255: Unsupported keyboard modifier '<Super>Tab'

(nm-applet:32708): Gtk-WARNING **: 09:44:06.449: Can't set a parent on widget which has a parent

(nm-applet:32708): Gdk-CRITICAL **: 09:44:06.611: gdk_window_thaw_toplevel_updates: assertion 'window->update_and_descendants_freeze_count > 0' failed
/usr/lib/ubuntu-release-upgrader/check-new-release-gtk:30: PyGIWarning: Gtk was imported without specifying a version first. Use gi.require_version('Gtk', '3.0') before import to ensure that the right version gets loaded.
  from gi.repository import Gtk
WARNING:root:timeout reached, exiting
/usr/lib/python3/dist-packages/blueman/plugins/applet/AppIndicator.py:8: PyGIWarning: AppIndicator3 was imported without specifying a version first. Use gi.require_version('AppIndicator3', '0.1') before import to ensure that the right version gets loaded.
  from gi.repository import AppIndicator3 as girAppIndicator
ERROR:dbus.proxies:Introspect error on org.bluez:/org/bluez: dbus.exceptions.DBusException: org.freedesktop.DBus.Error.AccessDenied: Rejected send message, 2 matched rules; type="method_call", sender=":1.2035" (uid=1266 pid=32693 comm="/usr/bin/python3 /usr/bin/blueman-applet " label="unconfined") interface="org.freedesktop.DBus.Introspectable" member="Introspect" error name="(unset)" requested_reply="0" destination="org.bluez" (bus)
ERROR:dbus.proxies:Introspect error on org.bluez:/: dbus.exceptions.DBusException: org.freedesktop.DBus.Error.AccessDenied: Rejected send message, 2 matched rules; type="method_call", sender=":1.2035" (uid=1266 pid=32693 comm="/usr/bin/python3 /usr/bin/blueman-applet " label="unconfined") interface="org.freedesktop.DBus.Introspectable" member="Introspect" error name="(unset)" requested_reply="0" destination="org.bluez" (bus)
ERROR:dbus.proxies:Introspect error on org.bluez:/: dbus.exceptions.DBusException: org.freedesktop.DBus.Error.AccessDenied: Rejected send message, 2 matched rules; type="method_call", sender=":1.2035" (uid=1266 pid=32693 comm="/usr/bin/python3 /usr/bin/blueman-applet " label="unconfined") interface="org.freedesktop.DBus.Introspectable" member="Introspect" error name="(unset)" requested_reply="0" destination="org.bluez" (bus)

Thu Feb 20 09:44:39 2020
 Connections: accepted: 0.0.0.0::49581
 SConnection: Client needs protocol version 3.8
 SConnection: Client requests security type VncAuth(2)

Thu Feb 20 09:44:42 2020
 VNCSConnST:  Server default pixel format depth 16 (16bpp) little-endian rgb565
 VNCSConnST:  Client pixel format depth 16 (16bpp) little-endian rgb565

(Thunar:32636): Gdk-WARNING **: 09:44:49.483: gdk_window_set_icon_list: icons too large
[2020-02-20T06:54:47Z ERROR audio_thread_priority::rt_linux] setrlimit64: 1

###!!! [Parent][DispatchAsyncMessage] Error: PBackgroundIDBFactory::Msg_PBackgroundIDBFactoryRequestConstructor Value error: message was deserialized, but contained an illegal value

Xlib:  extension "XInputExtension" missing on display ":19.0".
Xlib:  extension "XInputExtension" missing on display ":19.0".
Xlib:  extension "XInputExtension" missing on display ":19.0".
Xlib:  extension "XInputExtension" missing on display ":19.0".
[43613:43613:0220/095603.802731:ERROR:gl_surface_glx.cc(458)] GLX 1.3 or later is required.
[43613:43613:0220/095603.802786:ERROR:gl_initializer_x11.cc(148)] GLSurfaceGLX::InitializeOneOff failed.
[43613:43613:0220/095603.806116:ERROR:viz_main_impl.cc(161)] Exiting GPU process due to errors during initialization
Xlib:  extension "XInputExtension" missing on display ":19.0".
Xlib:  extension "XInputExtension" missing on display ":19.0".
Xlib:  extension "XInputExtension" missing on display ":19.0".
Xlib:  extension "XInputExtension" missing on display ":19.0".
Xlib:  extension "XInputExtension" missing on display ":19.0".
Xlib:  extension "XInputExtension" missing on display ":19.0".
Xlib:  extension "XInputExtension" missing on display ":19.0".
[44021:44021:0220/095716.389235:ERROR:gl_surface_glx.cc(458)] GLX 1.3 or later is required.
[44021:44021:0220/095716.389581:ERROR:gl_initializer_x11.cc(148)] GLSurfaceGLX::InitializeOneOff failed.
[44021:44021:0220/095716.392955:ERROR:viz_main_impl.cc(161)] Exiting GPU process due to errors during initialization
Xlib:  extension "XInputExtension" missing on display ":19.0".
Xlib:  extension "XInputExtension" missing on display ":19.0".
Xlib:  extension "XInputExtension" missing on display ":19.0".
Xlib:  extension "XInputExtension" missing on display ":19.0".
Xlib:  extension "XInputExtension" missing on display ":19.0".
Xlib:  extension "XInputExtension" missing on display ":19.0".
Xlib:  extension "XInputExtension" missing on display ":19.0".
[44292:44292:0220/095804.556591:ERROR:gl_surface_glx.cc(458)] GLX 1.3 or later is required.
[44292:44292:0220/095804.556656:ERROR:gl_initializer_x11.cc(148)] GLSurfaceGLX::InitializeOneOff failed.
[44292:44292:0220/095804.557976:ERROR:viz_main_impl.cc(161)] Exiting GPU process due to errors during initialization
Xlib:  extension "XInputExtension" missing on display ":19.0".
Xlib:  extension "XInputExtension" missing on display ":19.0".
Xlib:  extension "XInputExtension" missing on display ":19.0".
[2020-02-20T06:58:19Z ERROR audio_thread_priority::rt_linux] setrlimit64: 1

Thu Feb 20 09:58:22 2020
 XserverDesktop: Added unknown keysym 0x6eb to keycode 255
 XserverDesktop: Added unknown keysym 0x6e1 to keycode 254
xfwm4-Message: 09:58:23.008: Unsupported keyboard modifier '<Super>Tab'

Thu Feb 20 09:58:24 2020
 XserverDesktop: Added unknown keysym 0x6f2 to keycode 253
xfwm4-Message: 09:58:24.321: Unsupported keyboard modifier '<Super>Tab'
 XserverDesktop: Added unknown keysym 0x6f4 to keycode 252
 XserverDesktop: Added unknown keysym 0x6e9 to keycode 251

Thu Feb 20 09:58:25 2020
 XserverDesktop: Added unknown keysym 0x6ee to keycode 250
xfwm4-Message: 09:58:25.352: Unsupported keyboard modifier '<Super>Tab'
[44255:44255:0220/095904.550701:ERROR:gcm_channel_status_request.cc(138)] GCM channel request failed. HTTP status: 407
[44255:44255:0220/095931.030262:ERROR:gcm_channel_status_request.cc(138)] GCM channel request failed. HTTP status: 407
[44255:44255:0220/100022.272473:ERROR:gcm_channel_status_request.cc(138)] GCM channel request failed. HTTP status: 407
[44255:44255:0220/100221.160501:ERROR:gcm_channel_status_request.cc(138)] GCM channel request failed. HTTP status: 407
[44255:44255:0220/100506.702756:ERROR:gcm_channel_status_request.cc(138)] GCM channel request failed. HTTP status: 407
[44255:44255:0220/101146.496990:ERROR:gcm_channel_status_request.cc(138)] GCM channel request failed. HTTP status: 407
Starting Code::Blocks Release 16.01  rev 10692 2017-09-30, 18:21:54 - wx3.0.3 (Linux, unicode) - 64 bit
Initialize EditColourSet .....
Initialize EditColourSet: done.
Loading menubar...
CodeCompletion: loaded
Debugger: loaded
ToDoList: loaded
FilesExtensionHandler: loaded
Compiler: loaded
OpenFilesList: loaded
AStylePlugin: loaded
ProjectsImporter: loaded
ScriptedWizard: loaded
ClassWizard: loaded
Autosave: loaded
Code completion plugin activated
Debugger plugin activated
Todo List plugin activated
Files extension handler plugin activated
Added compiler "GNU GCC Compiler"
Added compiler "Intel C/C++ Compiler"
Added compiler "GDC D Compiler"
Added compiler "GNU Fortran Compiler"
Added compiler "G95 Fortran Compiler"
Added compiler "GNU GCC Compiler for ARM"
Added compiler "*No Compiler*"
Added compiler "GNU GCC Compiler for Blackfin"
Added compiler "LLVM D Compiler"
Added compiler "GNU GCC Compiler for MSP430 (HighTec)"
Added compiler "Small Device C Compiler"
Added compiler "LLVM Clang Compiler"
Added compiler "GNU GCC Compiler for AVR"
Added compiler "GNU GCC Compiler for LM32"
Added compiler "Digital Mars D Compiler"
Added compiler "GNU GCC Compiler for PowerPC (HighTec)"
Added compiler "GNU GCC Compiler for TriCore (HighTec)"
Added compiler "PGI Fortran Compiler"
Added compiler "Tiny C Compiler"
Added compiler "GNU GCC Compiler for ZPU"
Added compiler "GNU GCC Compiler for LM8"
Compiler plugin activated
Open files list plugin activated
Source code formatter (AStyle) plugin activated
Foreign projects importer plugin activated
Project wizard added for 'Empty project'
Project wizard added for 'Fortran application'
Project wizard added for 'Fortran library'
Project wizard added for 'Fortran DLL'
Project wizard added for 'Console application'
Project wizard added for 'D application'
Project wizard added for 'FLTK project'
Project wizard added for 'GLFW project'
Project wizard added for 'GLUT project'
Project wizard added for 'GTK+ project'
Project wizard added for 'Irrlicht project'
Project wizard added for 'Lightfeather project'
Project wizard added for 'Matlab project'
Project wizard added for 'OpenCV project'
Project wizard added for 'OpenGL project'
Project wizard added for 'Ogre project'
Project wizard added for 'Code::Blocks plugin'
Project wizard added for 'QT4 project'
Project wizard added for 'SDL project'
Project wizard added for 'SFML project'
Project wizard added for 'Static library'
Project wizard added for 'Shared library'
Project wizard added for 'wxWidgets project'
Build-target wizard added for 'Console'
Build-target wizard added for 'Static library'
Build-target wizard added for 'wxWidgets'
Project wizard added for 'ARM Project'
Project wizard added for 'AVR Project'
Project wizard added for 'TriCore Project'
Project wizard added for 'PowerPC Project'
Project wizard added for 'MCS51 Project'
File(s) wizard added for 'Empty file'
File(s) wizard added for 'C/C++ source'
File(s) wizard added for 'C/C++ header'
File(s) wizard added for 'Fortran source'
Scripted wizard plugin activated
Class wizard plugin activated
Autosave plugin activated
Loading toolbar...
ClassBrowser::UpdateClassBrowserView(): No active project available.
ClassBrowser::OnThreadEvent(): Updating class browser...
ClassBrowser::OnThreadEvent(): Class browser updated.
Initializing plugins...
Project's base path: /disk2/home/is28/beresnev28/beresnev_lr/cpp/img_bmp/
Project's common toplevel path: /disk2/home/is28/beresnev28/beresnev_lr/cpp/img_bmp/
Mozilla universal detection engine detected 'Pure *ASCII*'.
Final encoding detected: Unicode 8 bit (UTF-8) (ID: 43)
NativeParser::GetGCCCompilerDirs(): Caching GCC default include dir: /usr/include/c++/7
NativeParser::GetGCCCompilerDirs(): Caching GCC default include dir: /usr/include/x86_64-linux-gnu/c++/7
NativeParser::GetGCCCompilerDirs(): Caching GCC default include dir: /usr/include/c++/7/backward
NativeParser::GetGCCCompilerDirs(): Caching GCC default include dir: /usr/lib/gcc/x86_64-linux-gnu/7/include
NativeParser::GetGCCCompilerDirs(): Caching GCC default include dir: /usr/local/include
NativeParser::GetGCCCompilerDirs(): Caching GCC default include dir: /usr/lib/gcc/x86_64-linux-gnu/7/include-fixed
NativeParser::GetGCCCompilerDirs(): Caching GCC default include dir: /usr/include/x86_64-linux-gnu
NativeParser::GetGCCCompilerDirs(): Caching GCC default include dir: /usr/include
NativeParser::AddCompilerPredefinedMacrosGCC: Caching predefined macros for compiler '/usr/bin/g++':
#define __SSP_STRONG__ 3
#define __DBL_MIN_EXP__ (-1021)
#define __FLT32X_MAX_EXP__ 1024
#define __cpp_attributes 200809
#define __UINT_LEAST16_MAX__ 0xffff
#define __ATOMIC_ACQUIRE 2
#define __FLT128_MAX_10_EXP__ 4932
#define __FLT_MIN__ 1.17549435082228750796873653722224568e-38F
#define __GCC_IEC_559_COMPLEX 2
#define __cpp_aggregate_nsdmi 201304
#define __UINT_LEAST8_TYPE__ unsigned char
#define __SIZEOF_FLOAT80__ 16
#define __INTMAX_C(c) c ## L
#define __CHAR_BIT__ 8
#define __UINT8_MAX__ 0xff
#define __WINT_MAX__ 0xffffffffU
#define __FLT32_MIN_EXP__ (-125)
#define __cpp_static_assert 200410
#define __ORDER_LITTLE_ENDIAN__ 1234
#define __SIZE_MAX__ 0xffffffffffffffffUL
#define __WCHAR_MAX__ 0x7fffffff
#define __GCC_HAVE_SYNC_COMPARE_AND_SWAP_1 1
#define __GCC_HAVE_SYNC_COMPARE_AND_SWAP_2 1
#define __GCC_HAVE_SYNC_COMPARE_AND_SWAP_4 1
#define __DBL_DENORM_MIN__ double(4.94065645841246544176568792868221372e-324L)
#define __GCC_HAVE_SYNC_COMPARE_AND_SWAP_8 1
#define __GCC_ATOMIC_CHAR_LOCK_FREE 2
#define __GCC_IEC_559 2
#define __FLT32X_DECIMAL_DIG__ 17
#define __FLT_EVAL_METHOD__ 0
#define __unix__ 1
#define __cpp_binary_literals 201304
#define __FLT64_DECIMAL_DIG__ 17
#define __GCC_ATOMIC_CHAR32_T_LOCK_FREE 2
#define __x86_64 1
#define __cpp_variadic_templates 200704
#define __UINT_FAST64_MAX__ 0xffffffffffffffffUL
#define __SIG_ATOMIC_TYPE__ int
#define __DBL_MIN_10_EXP__ (-307)
#define __FINITE_MATH_ONLY__ 0
#define __cpp_variable_templates 201304
#define __GNUC_PATCHLEVEL__ 0
#define __FLT32_HAS_DENORM__ 1
#define __UINT_FAST8_MAX__ 0xff
#define __has_include(STR) __has_include__(STR)
#define __DEC64_MAX_EXP__ 385
#define __INT8_C(c) c
#define __INT_LEAST8_WIDTH__ 8
#define __UINT_LEAST64_MAX__ 0xffffffffffffffffUL
#define __SHRT_MAX__ 0x7fff
#define __LDBL_MAX__ 1.18973149535723176502126385303097021e+4932L
#define __FLT64X_MAX_10_EXP__ 4932
#define __UINT_LEAST8_MAX__ 0xff
#define __GCC_ATOMIC_BOOL_LOCK_FREE 2
#define __FLT128_DENORM_MIN__ 6.47517511943802511092443895822764655e-4966F128
#define __UINTMAX_TYPE__ long unsigned int
#define __linux 1
#define __DEC32_EPSILON__ 1E-6DF
#define __FLT_EVAL_METHOD_TS_18661_3__ 0
#define __unix 1
#define __UINT32_MAX__ 0xffffffffU
#define __GXX_EXPERIMENTAL_CXX0X__ 1
#define __LDBL_MAX_EXP__ 16384
#define __FLT128_MIN_EXP__ (-16381)
#define __WINT_MIN__ 0U
#define __linux__ 1
#define __FLT128_MIN_10_EXP__ (-4931)
#define __INT_LEAST16_WIDTH__ 16
#define __SCHAR_MAX__ 0x7f
#define __FLT128_MANT_DIG__ 113
#define __WCHAR_MIN__ (-__WCHAR_MAX__ - 1)
#define __INT64_C(c) c ## L
#define __DBL_DIG__ 15
#define __GCC_ATOMIC_POINTER_LOCK_FREE 2
#define __FLT64X_MANT_DIG__ 64
#define __SIZEOF_INT__ 4
#define __SIZEOF_POINTER__ 8
#define __GCC_ATOMIC_CHAR16_T_LOCK_FREE 2
#define __USER_LABEL_PREFIX__ 
#define __FLT64X_EPSILON__ 1.08420217248550443400745280086994171e-19F64x
#define __STDC_HOSTED__ 1
#define __LDBL_HAS_INFINITY__ 1
#define __FLT32_DIG__ 6
#define __FLT_EPSILON__ 1.19209289550781250000000000000000000e-7F
#define __GXX_WEAK__ 1
#define __SHRT_WIDTH__ 16
#define __LDBL_MIN__ 3.36210314311209350626267781732175260e-4932L
#define __DEC32_MAX__ 9.999999E96DF
#define __cpp_threadsafe_static_init 200806
#define __FLT64X_DENORM_MIN__ 3.64519953188247460252840593361941982e-4951F64x
#define __FLT32X_HAS_INFINITY__ 1
#define __INT32_MAX__ 0x7fffffff
#define __INT_WIDTH__ 32
#define __SIZEOF_LONG__ 8
#define __STDC_IEC_559__ 1
#define __STDC_ISO_10646__ 201706L
#define __UINT16_C(c) c
#define __PTRDIFF_WIDTH__ 64
#define __DECIMAL_DIG__ 21
#define __FLT64_EPSILON__ 2.22044604925031308084726333618164062e-16F64
#define __gnu_linux__ 1
#define __INTMAX_WIDTH__ 64
#define __FLT64_MIN_EXP__ (-1021)
#define __has_include_next(STR) __has_include_next__(STR)
#define __FLT64X_MIN_10_EXP__ (-4931)
#define __LDBL_HAS_QUIET_NAN__ 1
#define __FLT64_MANT_DIG__ 53
#define __GNUC__ 7
#define __GXX_RTTI 1
#define __pie__ 2
#define __MMX__ 1
#define __cpp_delegating_constructors 200604
#define __FLT_HAS_DENORM__ 1
#define __SIZEOF_LONG_DOUBLE__ 16
#define __BIGGEST_ALIGNMENT__ 16
#define __STDC_UTF_16__ 1
#define __FLT64_MAX_10_EXP__ 308
#define __FLT32_HAS_INFINITY__ 1
#define __DBL_MAX__ double(1.79769313486231570814527423731704357e+308L)
#define __cpp_raw_strings 200710
#define __INT_FAST32_MAX__ 0x7fffffffffffffffL
#define __DBL_HAS_INFINITY__ 1
#define __INT64_MAX__ 0x7fffffffffffffffL
#define __DEC32_MIN_EXP__ (-94)
#define __INTPTR_WIDTH__ 64
#define __FLT32X_HAS_DENORM__ 1
#define __INT_FAST16_TYPE__ long int
#define __LDBL_HAS_DENORM__ 1
#define __cplusplus 201402L
#define __cpp_ref_qualifiers 200710
#define __DEC128_MAX__ 9.999999999999999999999999999999999E6144DL
#define __INT_LEAST32_MAX__ 0x7fffffff
#define __DEC32_MIN__ 1E-95DF
#define __DEPRECATED 1
#define __cpp_rvalue_references 200610
#define __DBL_MAX_EXP__ 1024
#define __WCHAR_WIDTH__ 32
#define __FLT32_MAX__ 3.40282346638528859811704183484516925e+38F32
#define __DEC128_EPSILON__ 1E-33DL
#define __SSE2_MATH__ 1
#define __ATOMIC_HLE_RELEASE 131072
#define __PTRDIFF_MAX__ 0x7fffffffffffffffL
#define __amd64 1
#define __STDC_NO_THREADS__ 1
#define __ATOMIC_HLE_ACQUIRE 65536
#define __FLT32_HAS_QUIET_NAN__ 1
#define __GNUG__ 7
#define __LONG_LONG_MAX__ 0x7fffffffffffffffLL
#define __SIZEOF_SIZE_T__ 8
#define __cpp_rvalue_reference 200610
#define __cpp_nsdmi 200809
#define __FLT64X_MIN_EXP__ (-16381)
#define __SIZEOF_WINT_T__ 4
#define __LONG_LONG_WIDTH__ 64
#define __cpp_initializer_lists 200806
#define __FLT32_MAX_EXP__ 128
#define __cpp_hex_float 201603
#define __GCC_HAVE_DWARF2_CFI_ASM 1
#define __GXX_ABI_VERSION 1011
#define __FLT128_HAS_INFINITY__ 1
#define __FLT_MIN_EXP__ (-125)
#define __cpp_lambdas 200907
#define __FLT64X_HAS_QUIET_NAN__ 1
#define __INT_FAST64_TYPE__ long int
#define __FLT64_DENORM_MIN__ 4.94065645841246544176568792868221372e-324F64
#define __DBL_MIN__ double(2.22507385850720138309023271733240406e-308L)
#define __PIE__ 2
#define __LP64__ 1
#define __FLT32X_EPSILON__ 2.22044604925031308084726333618164062e-16F32x
#define __DECIMAL_BID_FORMAT__ 1
#define __FLT64_MIN_10_EXP__ (-307)
#define __FLT64X_DECIMAL_DIG__ 21
#define __DEC128_MIN__ 1E-6143DL
#define __REGISTER_PREFIX__ 
#define __UINT16_MAX__ 0xffff
#define __DBL_HAS_DENORM__ 1
#define __FLT32_MIN__ 1.17549435082228750796873653722224568e-38F32
#define __UINT8_TYPE__ unsigned char
#define __NO_INLINE__ 1
#define __FLT_MANT_DIG__ 24
#define __LDBL_DECIMAL_DIG__ 21
#define __VERSION__ "7.4.0"
#define __UINT64_C(c) c ## UL
#define __cpp_unicode_characters 200704
#define _STDC_PREDEF_H 1
#define __cpp_decltype_auto 201304
#define __GCC_ATOMIC_INT_LOCK_FREE 2
#define __FLT128_MAX_EXP__ 16384
#define __FLT32_MANT_DIG__ 24
#define __FLOAT_WORD_ORDER__ __ORDER_LITTLE_ENDIAN__
#define __STDC_IEC_559_COMPLEX__ 1
#define __FLT128_HAS_DENORM__ 1
#define __FLT128_DIG__ 33
#define __SCHAR_WIDTH__ 8
#define __INT32_C(c) c
#define __DEC64_EPSILON__ 1E-15DD
#define __ORDER_PDP_ENDIAN__ 3412
#define __DEC128_MIN_EXP__ (-6142)
#define __FLT32_MAX_10_EXP__ 38
#define __INT_FAST32_TYPE__ long int
#define __UINT_LEAST16_TYPE__ short unsigned int
#define __FLT64X_HAS_INFINITY__ 1
#define unix 1
#define __INT16_MAX__ 0x7fff
#define __cpp_rtti 199711
#define __SIZE_TYPE__ long unsigned int
#define __UINT64_MAX__ 0xffffffffffffffffUL
#define __FLT64X_DIG__ 18
#define __INT8_TYPE__ signed char
#define __cpp_digit_separators 201309
#define __ELF__ 1
#define __GCC_ASM_FLAG_OUTPUTS__ 1
#define __FLT_RADIX__ 2
#define __INT_LEAST16_TYPE__ short int
#define __LDBL_EPSILON__ 1.08420217248550443400745280086994171e-19L
#define __UINTMAX_C(c) c ## UL
#define __GLIBCXX_BITSIZE_INT_N_0 128
#define __k8 1
#define __SIG_ATOMIC_MAX__ 0x7fffffff
#define __GCC_ATOMIC_WCHAR_T_LOCK_FREE 2
#define __cpp_sized_deallocation 201309
#define __SIZEOF_PTRDIFF_T__ 8
#define __FLT32X_MANT_DIG__ 53
#define __x86_64__ 1
#define __FLT32X_MIN_EXP__ (-1021)
#define __DEC32_SUBNORMAL_MIN__ 0.000001E-95DF
#define __INT_FAST16_MAX__ 0x7fffffffffffffffL
#define __FLT64_DIG__ 15
#define __UINT_FAST32_MAX__ 0xffffffffffffffffUL
#define __UINT_LEAST64_TYPE__ long unsigned int
#define __FLT_HAS_QUIET_NAN__ 1
#define __FLT_MAX_10_EXP__ 38
#define __LONG_MAX__ 0x7fffffffffffffffL
#define __FLT64X_HAS_DENORM__ 1
#define __DEC128_SUBNORMAL_MIN__ 0.000000000000000000000000000000001E-6143DL
#define __FLT_HAS_INFINITY__ 1
#define __cpp_unicode_literals 200710
#define __UINT_FAST16_TYPE__ long unsigned int
#define __DEC64_MAX__ 9.999999999999999E384DD
#define __INT_FAST32_WIDTH__ 64
#define __CHAR16_TYPE__ short unsigned int
#define __PRAGMA_REDEFINE_EXTNAME 1
#define __SIZE_WIDTH__ 64
#define __SEG_FS 1
#define __INT_LEAST16_MAX__ 0x7fff
#define __DEC64_MANT_DIG__ 16
#define __UINT_LEAST32_MAX__ 0xffffffffU
#define __SEG_GS 1
#define __FLT32_DENORM_MIN__ 1.40129846432481707092372958328991613e-45F32
#define __GCC_ATOMIC_LONG_LOCK_FREE 2
#define __SIG_ATOMIC_WIDTH__ 32
#define __INT_LEAST64_TYPE__ long int
#define __INT16_TYPE__ short int
#define __INT_LEAST8_TYPE__ signed char
#define __DEC32_MAX_EXP__ 97
#define __INT_FAST8_MAX__ 0x7f
#define __FLT128_MAX__ 1.18973149535723176508575932662800702e+4932F128
#define __INTPTR_MAX__ 0x7fffffffffffffffL
#define linux 1
#define __cpp_range_based_for 200907
#define __FLT64_HAS_QUIET_NAN__ 1
#define __FLT32_MIN_10_EXP__ (-37)
#define __SSE2__ 1
#define __EXCEPTIONS 1
#define __LDBL_MANT_DIG__ 64
#define __DBL_HAS_QUIET_NAN__ 1
#define __FLT64_HAS_INFINITY__ 1
#define __FLT64X_MAX__ 1.18973149535723176502126385303097021e+4932F64x
#define __SIG_ATOMIC_MIN__ (-__SIG_ATOMIC_MAX__ - 1)
#define __code_model_small__ 1
#define __cpp_return_type_deduction 201304
#define __k8__ 1
#define __INTPTR_TYPE__ long int
#define __UINT16_TYPE__ short unsigned int
#define __WCHAR_TYPE__ int
#define __SIZEOF_FLOAT__ 4
#define __pic__ 2
#define __UINTPTR_MAX__ 0xffffffffffffffffUL
#define __INT_FAST64_WIDTH__ 64
#define __DEC64_MIN_EXP__ (-382)
#define __cpp_decltype 200707
#define __FLT32_DECIMAL_DIG__ 9
#define __INT_FAST64_MAX__ 0x7fffffffffffffffL
#define __GCC_ATOMIC_TEST_AND_SET_TRUEVAL 1
#define __FLT_DIG__ 6
#define __FLT64X_MAX_EXP__ 16384
#define __UINT_FAST64_TYPE__ long unsigned int
#define __INT_MAX__ 0x7fffffff
#define __amd64__ 1
#define __INT64_TYPE__ long int
#define __FLT_MAX_EXP__ 128
#define __ORDER_BIG_ENDIAN__ 4321
#define __DBL_MANT_DIG__ 53
#define __cpp_inheriting_constructors 201511
#define __SIZEOF_FLOAT128__ 16
#define __INT_LEAST64_MAX__ 0x7fffffffffffffffL
#define __DEC64_MIN__ 1E-383DD
#define __WINT_TYPE__ unsigned int
#define __UINT_LEAST32_TYPE__ unsigned int
#define __SIZEOF_SHORT__ 2
#define __SSE__ 1
#define __LDBL_MIN_EXP__ (-16381)
#define __FLT64_MAX__ 1.79769313486231570814527423731704357e+308F64
#define __WINT_WIDTH__ 32
#define __INT_LEAST8_MAX__ 0x7f
#define __FLT32X_MAX_10_EXP__ 308
#define __SIZEOF_INT128__ 16
#define __LDBL_MAX_10_EXP__ 4932
#define __ATOMIC_RELAXED 0
#define __DBL_EPSILON__ double(2.22044604925031308084726333618164062e-16L)
#define __FLT128_MIN__ 3.36210314311209350626267781732175260e-4932F128
#define _LP64 1
#define __UINT8_C(c) c
#define __FLT64_MAX_EXP__ 1024
#define __INT_LEAST32_TYPE__ int
#define __SIZEOF_WCHAR_T__ 4
#define __FLT128_HAS_QUIET_NAN__ 1
#define __INT_FAST8_TYPE__ signed char
#define __FLT64X_MIN__ 3.36210314311209350626267781732175260e-4932F64x
#define __GNUC_STDC_INLINE__ 1
#define __FLT64_HAS_DENORM__ 1
#define __FLT32_EPSILON__ 1.19209289550781250000000000000000000e-7F32
#define __DBL_DECIMAL_DIG__ 17
#define __STDC_UTF_32__ 1
#define __INT_FAST8_WIDTH__ 8
#define __FXSR__ 1
#define __DEC_EVAL_METHOD__ 2
#define __FLT32X_MAX__ 1.79769313486231570814527423731704357e+308F32x
#define __cpp_runtime_arrays 198712
#define __UINT64_TYPE__ long unsigned int
#define __UINT32_C(c) c ## U
#define __INTMAX_MAX__ 0x7fffffffffffffffL
#define __cpp_alias_templates 200704
#define __BYTE_ORDER__ __ORDER_LITTLE_ENDIAN__
#define __FLT_DENORM_MIN__ 1.40129846432481707092372958328991613e-45F
#define __INT8_MAX__ 0x7f
#define __LONG_WIDTH__ 64
#define __PIC__ 2
#define __UINT_FAST32_TYPE__ long unsigned int
#define __CHAR32_TYPE__ unsigned int
#define __FLT_MAX__ 3.40282346638528859811704183484516925e+38F
#define __cpp_constexpr 201304
#define __INT32_TYPE__ int
#define __SIZEOF_DOUBLE__ 8
#define __cpp_exceptions 199711
#define __FLT_MIN_10_EXP__ (-37)
#define __FLT64_MIN__ 2.22507385850720138309023271733240406e-308F64
#define __INT_LEAST32_WIDTH__ 32
#define __INTMAX_TYPE__ long int
#define __DEC128_MAX_EXP__ 6145
#define __FLT32X_HAS_QUIET_NAN__ 1
#define __ATOMIC_CONSUME 1
#define __GNUC_MINOR__ 4
#define __GLIBCXX_TYPE_INT_N_0 __int128
#define __INT_FAST16_WIDTH__ 64
#define __UINTMAX_MAX__ 0xffffffffffffffffUL
#define __DEC32_MANT_DIG__ 7
#define __FLT32X_DENORM_MIN__ 4.94065645841246544176568792868221372e-324F32x
#define __DBL_MAX_10_EXP__ 308
#define __LDBL_DENORM_MIN__ 3.64519953188247460252840593361941982e-4951L
#define __INT16_C(c) c
#define __cpp_generic_lambdas 201304
#define __STDC__ 1
#define __FLT32X_DIG__ 15
#define __PTRDIFF_TYPE__ long int
#define __ATOMIC_SEQ_CST 5
#define __UINT32_TYPE__ unsigned int
#define __FLT32X_MIN_10_EXP__ (-307)
#define __UINTPTR_TYPE__ long unsigned int
#define __DEC64_SUBNORMAL_MIN__ 0.000000000000001E-383DD
#define __DEC128_MANT_DIG__ 34
#define __LDBL_MIN_10_EXP__ (-4931)
#define __FLT128_EPSILON__ 1.92592994438723585305597794258492732e-34F128
#define __SSE_MATH__ 1
#define __SIZEOF_LONG_LONG__ 8
#define __cpp_user_defined_literals 200809
#define __FLT128_DECIMAL_DIG__ 36
#define __GCC_ATOMIC_LLONG_LOCK_FREE 2
#define __FLT32X_MIN__ 2.22507385850720138309023271733240406e-308F32x
#define __LDBL_DIG__ 18
#define __FLT_DECIMAL_DIG__ 9
#define __UINT_FAST16_MAX__ 0xffffffffffffffffUL
#define __GCC_ATOMIC_SHORT_LOCK_FREE 2
#define __INT_LEAST64_WIDTH__ 64
#define __UINT_FAST8_TYPE__ unsigned char
#define _GNU_SOURCE 1
#define __cpp_init_captures 201304
#define __ATOMIC_ACQ_REL 4
#define __ATOMIC_RELEASE 3

NativeParser::DoFullParsing(): AddProjectDefinedMacros failed!
NativeParser::DoFullParsing(): Adding cpp/c files to batch-parser
NativeParser::DoFullParsing(): Added 1 source file(s) for project 'img_bmp' to batch-parser...
ClassBrowser::UpdateClassBrowserView(): No active project available.
NativeParser::GetAllPathsByFilename(): Traversing '/disk2/home/is28/beresnev28/beresnev_lr/cpp/img_bmp' for: main.*
NativeParser::GetAllPathsByFilename(): Found 1 files:
- /disk2/home/is28/beresnev28/beresnev_lr/cpp/img_bmp/main.cpp
NativeParser::CreateParser(): Finish creating a new parser for project 'img_bmp'
ClassBrowser::OnThreadEvent(): Updating class browser...
ClassBrowser::OnThreadEvent(): Class browser updated.
NativeParser::OnParserStart(): Starting batch parsing for project 'img_bmp'...
ReadClsNames() : Unexpected token '((__aligned__))' for 'struct79___pthread_unwind_buf_t', file '/usr/include/pthread.h', line 532.
ReadVarNames() : Unexpected token '<' for 'allocator_traits', file '/usr/include/c++/7/bits/alloc_traits.h', line 217.
NativeParser::OnParserEnd(): Project 'img_bmp' parsing stage done!
Project 'img_bmp' parsing stage done (140 total parsed files, 5702 tokens in 0 minute(s), 0.288 seconds).
NativeParser::GetAllPathsByFilename(): Traversing '/disk2/home/is28/beresnev28/beresnev_lr/cpp/img_bmp' for: main.*
NativeParser::GetAllPathsByFilename(): Traversing ' - /disk2/home/is28/beresnev28/beresnev_lr/cpp/img_bmp/' for: main.*
NativeParser::GetAllPathsByFilename(): Found 1 files:
- /disk2/home/is28/beresnev28/beresnev_lr/cpp/img_bmp/main.cpp
ClassBrowser::OnThreadEvent(): Updating class browser...
ClassBrowser::OnThreadEvent(): Class browser updated.
SystemHeadersThread: /usr/include/c++/7/ , 672
SystemHeadersThread: /usr/include/x86_64-linux-gnu/c++/7/ , 23
SystemHeadersThread: /usr/include/c++/7/backward/ , 8
SystemHeadersThread: /usr/lib/gcc/x86_64-linux-gnu/7/include/ , 117
SystemHeadersThread: /usr/local/include/ , 0
SystemHeadersThread: /usr/lib/gcc/x8
(Thunar:32636): Gdk-WARNING **: 10:17:21.446: gdk_window_set_icon_list: icons too large
6_64-linux-gnu/7/include-fixed/ , 3
SystemHeadersThread: /usr/include/x86_64-linux-gnu/ , 1921
SystemHeadersThread: /usr/include/ , 2825
SystemHeadersThread: Total number of paths: 8
Reparsing when typing for editor /disk2/home/is28/beresnev28/beresnev_lr/cpp/img_bmp/main.cpp
NativeParser::OnParserStart(): Starting re-parsing for project 'img_bmp'...
Project 'img_bmp' parsing stage done (140 total parsed files, 5720 tokens in 0 minute(s), 0.000 seconds).
NativeParser::GetAllPathsByFilename(): Traversing '/disk2/home/is28/beresnev28/beresnev_lr/cpp/img_bmp' for: main.*
NativeParser::GetAllPathsByFilename(): Traversing ' - /disk2/home/is28/beresnev28/beresnev_lr/cpp/img_bmp/' for: main.*
NativeParser::GetAllPathsByFilename(): Found 1 files:
- /disk2/home/is28/beresnev28/beresnev_lr/cpp/img_bmp/main.cpp
ClassBrowser::OnThreadEvent(): Updating class browser...
ClassBrowser::OnThreadEvent(): Class browser updated.
Reparsing when typing for editor /disk2/home/is28/beresnev28/beresnev_lr/cpp/img_bmp/main.cpp
NativeParser::OnParserStart(): Starting re-parsing for project 'img_bmp'...
Project 'img_bmp' parsing stage done (140 total parsed files, 5720 tokens in 0 minute(s), 0.001 seconds).
NativeParser::GetAllPathsByFilename(): Traversing '/disk2/home/is28/beresnev28/beresnev_lr/cpp/img_bmp' for: main.*
NativeParser::GetAllPathsByFilename(): Traversing ' - /disk2/home/is28/beresnev28/beresnev_lr/cpp/img_bmp/' for: main.*
NativeParser::GetAllPathsByFilename(): Found 1 files:
- /disk2/home/is28/beresnev28/beresnev_lr/cpp/img_bmp/main.cpp
ClassBrowser::OnThreadEvent(): Updating class browser...
ClassBrowser::OnThreadEvent(): Class browser updated.
Reparsing when typing for editor /disk2/home/is28/beresnev28/beresnev_lr/cpp/img_bmp/main.cpp
NativeParser::OnParserStart(): Starting re-parsing for project 'img_bmp'...
Project 'img_bmp' parsing stage done (140 total parsed files, 5720 tokens in 0 minute(s), 0.001 seconds).
NativeParser::GetAllPathsByFilename(): Traversing '/disk2/home/is28/beresnev28/beresnev_lr/cpp/img_bmp' for: main.*
NativeParser::GetAllPathsByFilename(): Traversing ' - /disk2/home/is28/beresnev28/beresnev_lr/cpp/img_bmp/' for: main.*
NativeParser::GetAllPathsByFilename(): Found 1 files:
- /disk2/home/is28/beresnev28/beresnev_lr/cpp/img_bmp/main.cpp
ClassBrowser::OnThreadEvent(): Updating class browser...
ClassBrowser::OnThreadEvent(): Class browser updated.
Reparsing when typing for editor /disk2/home/is28/beresnev28/beresnev_lr/cpp/img_bmp/main.cpp
NativeParser::OnParserStart(): Starting re-parsing for project 'img_bmp'...
Project 'img_bmp' parsing stage done (140 total parsed files, 5720 tokens in 0 minute(s), 0.001 seconds).
NativeParser::GetAllPathsByFilename(): Traversing '/disk2/home/is28/beresnev28/beresnev_lr/cpp/img_bmp' for: main.*
NativeParser::GetAllPathsByFilename(): Traversing ' - /disk2/home/is28/beresnev28/beresnev_lr/cpp/img_bmp/' for: main.*
NativeParser::GetAllPathsByFilename(): Found 1 files:
- /disk2/home/is28/beresnev28/beresnev_lr/cpp/img_bmp/main.cpp
ClassBrowser::OnThreadEvent(): Updating class browser...
ClassBrowser::OnThreadEvent(): Class browser updated.
Reparsing when typing for editor /disk2/home/is28/beresnev28/beresnev_lr/cpp/img_bmp/main.cpp
NativeParser::OnParserStart(): Starting re-parsing for project 'img_bmp'...
Project 'img_bmp' parsing stage done (140 total parsed files, 5720 tokens in 0 minute(s), 0.001 seconds).
NativeParser::GetAllPathsByFilename(): Traversing '/disk2/home/is28/beresnev28/beresnev_lr/cpp/img_bmp' for: main.*
NativeParser::GetAllPathsByFilename(): Traversing ' - /disk2/home/is28/beresnev28/beresnev_lr/cpp/img_bmp/' for: main.*
NativeParser::GetAllPathsByFilename(): Found 1 files:
- /disk2/home/is28/beresnev28/beresnev_lr/cpp/img_bmp/main.cpp
ClassBrowser::OnThreadEvent(): Updating class browser...
ClassBrowser::OnThreadEvent(): Class browser updated.
Reparsing when typing for editor /disk2/home/is28/beresnev28/beresnev_lr/cpp/img_bmp/main.cpp
NativeParser::OnParserStart(): Starting re-parsing for project 'img_bmp'...
Project 'img_bmp' parsing stage done (140 total parsed files, 5720 tokens in 0 minute(s), 0.000 seconds).
NativeParser::GetAllPathsByFilename(): Traversing '/disk2/home/is28/beresnev28/beresnev_lr/cpp/img_bmp' for: main.*
NativeParser::GetAllPathsByFilename(): Traversing ' - /disk2/home/is28/beresnev28/beresnev_lr/cpp/img_bmp/' for: main.*
NativeParser::GetAllPathsByFilename(): Found 1 files:
- /disk2/home/is28/beresnev28/beresnev_lr/cpp/img_bmp/main.cpp
ClassBrowser::OnThreadEvent(): Updating class browser...
ClassBrowser::OnThreadEvent(): Class browser updated.
Reparsing when typing for editor /disk2/home/is28/beresnev28/beresnev_lr/cpp/img_bmp/main.cpp
NativeParser::OnParserStart(): Starting re-parsing for project 'img_bmp'...
Project 'img_bmp' parsing stage done (140 total parsed files, 5720 tokens in 0 minute(s), 0.000 seconds).
NativeParser::GetAllPathsByFilename(): Traversing '/disk2/home/is28/beresnev28/beresnev_lr/cpp/img_bmp' for: main.*
NativeParser::GetAllPathsByFilename(): Traversing ' - /disk2/home/is28/beresnev28/beresnev_lr/cpp/img_bmp/' for: main.*
NativeParser::GetAllPathsByFilename(): Found 1 files:
- /disk2/home/is28/beresnev28/beresnev_lr/cpp/img_bmp/main.cpp
ClassBrowser::OnThreadEvent(): Updating class browser...
ClassBrowser::OnThreadEvent(): Class browser updated.
Reparsing when typing for editor /disk2/home/is28/beresnev28/beresnev_lr/cpp/img_bmp/main.cpp
NativeParser::OnParserStart(): Starting re-parsing for project 'img_bmp'...
Project 'img_bmp' parsing stage done (140 total parsed files, 5720 tokens in 0 minute(s), 0.001 seconds).
NativeParser::GetAllPathsByFilename(): Traversing '/disk2/home/is28/beresnev28/beresnev_lr/cpp/img_bmp' for: main.*
NativeParser::GetAllPathsByFilename(): Traversing ' - /disk2/home/is28/beresnev28/beresnev_lr/cpp/img_bmp/' for: main.*
NativeParser::GetAllPathsByFilename(): Found 1 files:
- /disk2/home/is28/beresnev28/beresnev_lr/cpp/img_bmp/main.cpp
ClassBrowser::OnThreadEvent(): Updating class browser...
ClassBrowser::OnThreadEvent(): Class browser updated.
Re-parsed 1 files.
-------------- Run: Debug in img_bmp (compiler: GNU GCC Compiler)---------------
NativeParser::OnParserStart(): Starting re-parsing for project 'img_bmp'...
Project 'img_bmp' parsing stage done (140 total parsed files, 5720 tokens in 0 minute(s), 0.008 seconds).
NativeParser::GetAllPathsByFilename(): Traversing '/disk2/home/is28/beresnev28/beresnev_lr/cpp/img_bmp' for: main.*
NativeParser::GetAllPathsByFilename(): Traversing ' - /disk2/home/is28/beresnev28/beresnev_lr/cpp/img_bmp/' for: main.*
NativeParser::GetAllPathsByFilename(): Found 1 files:
- /disk2/home/is28/beresnev28/beresnev_lr/cpp/img_bmp/main.cpp
ClassBrowser::OnThreadEvent(): Updating class browser...
ClassBrowser::OnThreadEvent(): Class browser updated.
CWD for depslib was: /disk2/home/is28/beresnev28/beresnev_lr/cpp/img_bmp.
CWD for depslib is: /disk2/home/is28/beresnev28/beresnev_lr/cpp/img_bmp.
Scanned 0 files for #includes, cache used 0, cache updated 0
CWD for depslib was: /disk2/home/is28/beresnev28/beresnev_lr/cpp/img_bmp.
CWD for depslib is: /disk2/home/is28/beresnev28/beresnev_lr/cpp/img_bmp.
Scanned 0 files for #includes, cache used 0, cache updated 0
CWD for depslib was: /disk2/home/is28/beresnev28/beresnev_lr/cpp/img_bmp.
CWD for depslib is: /disk2/home/is28/beresnev28/beresnev_lr/cpp/img_bmp.
-------------- Build: Debug in img_bmp (compiler: GNU GCC Compiler)---------------
Scanned 0 files for #includes, cache used 0, cache updated 0
g++ -Wall -fexceptions -g  -c /disk2/home/is28/beresnev28/beresnev_lr/cpp/img_bmp/main.cpp -o obj/Debug/main.o
g++  -o bin/Debug/img_bmp obj/Debug/main.o   
Output file is bin/Debug/img_bmp with size 11.36 KB
CWD for depslib was: /disk2/home/is28/beresnev28/beresnev_lr/cpp/img_bmp.
CWD for depslib is: /disk2/home/is28/beresnev28/beresnev_lr/cpp/img_bmp.
Scanned 0 files for #includes, cache used 0, cache updated 0
CWD for depslib was: /disk2/home/is28/beresnev28/beresnev_lr/cpp/img_bmp.
CWD for depslib is: /disk2/home/is28/beresnev28/beresnev_lr/cpp/img_bmp.
Scanned 0 files for #includes, cache used 0, cache updated 0
CWD for depslib was: /disk2/home/is28/beresnev28/beresnev_lr/cpp/img_bmp.
CWD for depslib is: /disk2/home/is28/beresnev28/beresnev_lr/cpp/img_bmp.
Scanned 0 files for #includes, cache used 0, cache updated 0
CWD for depslib was: /disk2/home/is28/beresnev28/beresnev_lr/cpp/img_bmp.
CWD for depslib is: /disk2/home/is28/beresnev28/beresnev_lr/cpp/img_bmp.
Scanned 0 files for #includes, cache used 0, cache updated 0
CWD for depslib was: /disk2/home/is28/beresnev28/beresnev_lr/cpp/img_bmp.
CWD for depslib is: /disk2/home/is28/beresnev28/beresnev_lr/cpp/img_bmp.
Scanned 0 files for #includes, cache used 0, cache updated 0
Process terminated with status 0 (0 minute(s), 0 second(s))
0 error(s), 0 warning(s) (0 minute(s), 0 second(s))
-------------- Run: Debug in img_bmp (compiler: GNU GCC Compiler)---------------
Process terminated with status 0 (0 minute(s), 1 second(s))
CWD for depslib was: /disk2/home/is28/beresnev28/beresnev_lr/cpp/img_bmp.
CWD for depslib is: /disk2/home/is28/beresnev28/beresnev_lr/cpp/img_bmp.
Scanned 0 files for #includes, cache used 0, cache updated 0
CWD for depslib was: /disk2/home/is28/beresnev28/beresnev_lr/cpp/img_bmp.
CWD for depslib is: /disk2/home/is28/beresnev28/beresnev_lr/cpp/img_bmp.
Scanned 0 files for #includes, cache used 0, cache updated 0
CWD for depslib was: /disk2/home/is28/beresnev28/beresnev_lr/cpp/img_bmp.
CWD for depslib is: /disk2/home/is28/beresnev28/beresnev_lr/cpp/img_bmp.
-------------- Build: Debug in img_bmp (compiler: GNU GCC Compiler)---------------
Target is up to date.
Scanned 1 files for #includes, cache used 0, cache updated 1
CWD for depslib was: /disk2/home/is28/beresnev28/beresnev_lr/cpp/img_bmp.
CWD for depslib is: /disk2/home/is28/beresnev28/beresnev_lr/cpp/img_bmp.
Scanned 0 files for #includes, cache used 0, cache updated 0
CWD for depslib was: /disk2/home/is28/beresnev28/beresnev_lr/cpp/img_bmp.
CWD for depslib is: /disk2/home/is28/beresnev28/beresnev_lr/cpp/img_bmp.
Scanned 0 files for #includes, cache used 0, cache updated 0
CWD for depslib was: /disk2/home/is28/beresnev28/beresnev_lr/cpp/img_bmp.
CWD for depslib is: /disk2/home/is28/beresnev28/beresnev_lr/cpp/img_bmp.
Scanned 0 files for #includes, cache used 0, cache updated 0
CWD for depslib was: /disk2/home/is28/beresnev28/beresnev_lr/cpp/img_bmp.
CWD for depslib is: /disk2/home/is28/beresnev28/beresnev_lr/cpp/img_bmp.
Scanned 0 files for #includes, cache used 0, cache updated 0
CWD for depslib was: /disk2/home/is28/beresnev28/beresnev_lr/cpp/img_bmp.
CWD for depslib is: /disk2/home/is28/beresnev28/beresnev_lr/cpp/img_bmp.
Scanned 0 files for #includes, cache used 0, cache updated 0
Nothing to be done (all items are up-to-date).

-------------- Run: Debug in img_bmp (compiler: GNU GCC Compiler)---------------
Process terminated with status 0 (0 minute(s), 2 second(s))
Reparsing when typing for editor /disk2/home/is28/beresnev28/beresnev_lr/cpp/img_bmp/main.cpp
NativeParser::OnParserStart(): Starting re-parsing for project 'img_bmp'...
Project 'img_bmp' parsing stage done (140 total parsed files, 5720 tokens in 0 minute(s), 0.000 seconds).
NativeParser::GetAllPathsByFilename(): Traversing '/disk2/home/is28/beresnev28/beresnev_lr/cpp/img_bmp' for: main.*
NativeParser::GetAllPathsByFilename(): Traversing ' - /disk2/home/is28/beresnev28/beresnev_lr/cpp/img_bmp/' for: main.*
NativeParser::GetAllPathsByFilename(): Found 1 files:
- /disk2/home/is28/beresnev28/beresnev_lr/cpp/img_bmp/main.cpp
ClassBrowser::OnThreadEvent(): Updating class browser...
ClassBrowser::OnThreadEvent(): Class browser updated.
Reparsing when typing for editor /disk2/home/is28/beresnev28/beresnev_lr/cpp/img_bmp/main.cpp
NativeParser::OnParserStart(): Starting re-parsing for project 'img_bmp'...
Project 'img_bmp' parsing stage done (140 total parsed files, 5720 tokens in 0 minute(s), 0.001 seconds).
NativeParser::GetAllPathsByFilename(): Traversing '/disk2/home/is28/beresnev28/beresnev_lr/cpp/img_bmp' for: main.*
NativeParser::GetAllPathsByFilename(): Traversing ' - /disk2/home/is28/beresnev28/beresnev_lr/cpp/img_bmp/' for: main.*
NativeParser::GetAllPathsByFilename(): Found 1 files:
- /disk2/home/is28/beresnev28/beresnev_lr/cpp/img_bmp/main.cpp
ClassBrowser::OnThreadEvent(): Updating class browser...
ClassBrowser::OnThreadEvent(): Class browser updated.
Reparsing when typing for editor /disk2/home/is28/beresnev28/beresnev_lr/cpp/img_bmp/main.cpp
NativeParser::OnParserStart(): Starting re-parsing for project 'img_bmp'...
Project 'img_bmp' parsing stage done (140 total parsed files, 5720 tokens in 0 minute(s), 0.001 seconds).
NativeParser::GetAllPathsByFilename(): Traversing '/disk2/home/is28/beresnev28/beresnev_lr/cpp/img_bmp' for: main.*
NativeParser::GetAllPathsByFilename(): Traversing ' - /disk2/home/is28/beresnev28/beresnev_lr/cpp/img_bmp/' for: main.*
NativeParser::GetAllPathsByFilename(): Found 1 files:
- /disk2/home/is28/beresnev28/beresnev_lr/cpp/img_bmp/main.cpp
ClassBrowser::OnThreadEvent(): Updating class browser...
ClassBrowser::OnThreadEvent(): Class browser updated.
Reparsing when typing for editor /disk2/home/is28/beresnev28/beresnev_lr/cpp/img_bmp/main.cpp
NativeParser::OnParserStart(): Starting re-parsing for project 'img_bmp'...
Project 'img_bmp' parsing stage done (140 total parsed files, 5720 tokens in 0 minute(s), 0.001 seconds).
NativeParser::GetAllPathsByFilename(): Traversing '/disk2/home/is28/beresnev28/beresnev_lr/cpp/img_bmp' for: main.*
NativeParser::GetAllPathsByFilename(): Traversing ' - /disk2/home/is28/beresnev28/beresnev_lr/cpp/img_bmp/' for: main.*
NativeParser::GetAllPathsByFilename(): Found 1 files:
- /disk2/home/is28/beresnev28/beresnev_lr/cpp/img_bmp/main.cpp
ClassBrowser::OnThreadEvent(): Updating class browser...
ClassBrowser::OnThreadEvent(): Class browser updated.
Re-parsed 1 files.
-------------- Run: Debug in img_bmp (compiler: GNU GCC Compiler)---------------
NativeParser::OnParserStart(): Starting re-parsing for project 'img_bmp'...
Project 'img_bmp' parsing stage done (140 total parsed files, 5720 tokens in 0 minute(s), 0.001 seconds).
NativeParser::GetAllPathsByFilename(): Traversing '/disk2/home/is28/beresnev28/beresnev_lr/cpp/img_bmp' for: main.*
NativeParser::GetAllPathsByFilename(): Traversing ' - /disk2/home/is28/beresnev28/beresnev_lr/cpp/img_bmp/' for: main.*
NativeParser::GetAllPathsByFilename(): Found 1 files:
- /disk2/home/is28/beresnev28/beresnev_lr/cpp/img_bmp/main.cpp
ClassBrowser::OnThreadEvent(): Updating class browser...
ClassBrowser::OnThreadEvent(): Class browser updated.
Process terminated with status 0 (0 minute(s), 1 second(s))
CWD for depslib was: /disk2/home/is28/beresnev28/beresnev_lr/cpp/img_bmp.
CWD for depslib is: /disk2/home/is28/beresnev28/beresnev_lr/cpp/img_bmp.
Scanned 0 files for #includes, cache used 0, cache updated 0
CWD for depslib was: /disk2/home/is28/beresnev28/beresnev_lr/cpp/img_bmp.
CWD for depslib is: /disk2/home/is28/beresnev28/beresnev_lr/cpp/img_bmp.
Scanned 0 files for #includes, cache used 0, cache updated 0
CWD for depslib was: /disk2/home/is28/beresnev28/beresnev_lr/cpp/img_bmp.
CWD for depslib is: /disk2/home/is28/beresnev28/beresnev_lr/cpp/img_bmp.
-------------- Build: Debug in img_bmp (compiler: GNU GCC Compiler)---------------
Scanned 0 files for #includes, cache used 0, cache updated 0
g++ -Wall -fexceptions -g  -c /disk2/home/is28/beresnev28/beresnev_lr/cpp/img_bmp/main.cpp -o obj/Debug/main.o
/disk2/home/is28/beresnev28/beresnev_lr/cpp/img_bmp/main.cpp: In function ‘int main()’:
/disk2/home/is28/beresnev28/beresnev_lr/cpp/img_bmp/main.cpp:42:2: error: ‘cout’ was not declared in this scope
  cout << h2.biWidth << " " << h2.biHeight << " " << h1.bfSize << endl
  ^~~~
/disk2/home/is28/beresnev28/beresnev_lr/cpp/img_bmp/main.cpp:42:66: error: ‘endl’ was not declared in this scope
  cout << h2.biWidth << " " << h2.biHeight << " " << h1.bfSize << endl
                                                                  ^~~~
/disk2/home/is28/beresnev28/beresnev_lr/cpp/img_bmp/main.cpp:42:66: note: suggested alternative: ‘enum’
  cout << h2.biWidth << " " << h2.biHeight << " " << h1.bfSize << endl
                                                                  ^~~~
                                                                  enum
Process terminated with status 1 (0 minute(s), 0 second(s))
2 error(s), 0 warning(s) (0 minute(s), 0 second(s))
Reparsing when typing for editor /disk2/home/is28/beresnev28/beresnev_lr/cpp/img_bmp/main.cpp
NativeParser::OnParserStart(): Starting re-parsing for project 'img_bmp'...
Project 'img_bmp' parsing stage done (140 total parsed files, 5720 tokens in 0 minute(s), 0.001 seconds).
NativeParser::GetAllPathsByFilename(): Traversing '/disk2/home/is28/beresnev28/beresnev_lr/cpp/img_bmp' for: main.*
NativeParser::GetAllPathsByFilename(): Traversing ' - /disk2/home/is28/beresnev28/beresnev_lr/cpp/img_bmp/' for: main.*
NativeParser::GetAllPathsByFilename(): Found 1 files:
- /disk2/home/is28/beresnev28/beresnev_lr/cpp/img_bmp/main.cpp
ClassBrowser::OnThreadEvent(): Updating class browser...
ClassBrowser::OnThreadEvent(): Class browser updated.
Reparsing when typing for editor /disk2/home/is28/beresnev28/beresnev_lr/cpp/img_bmp/main.cpp
NativeParser::OnParserStart(): Starting re-parsing for project 'img_bmp'...
Project 'img_bmp' parsing stage done (140 total parsed files, 5720 tokens in 0 minute(s), 0.000 seconds).
NativeParser::GetAllPathsByFilename(): Traversing '/disk2/home/is28/beresnev28/beresnev_lr/cpp/img_bmp' for: main.*
NativeParser::GetAllPathsByFilename(): Traversing ' - /disk2/home/is28/beresnev28/beresnev_lr/cpp/img_bmp/' for: main.*
NativeParser::GetAllPathsByFilename(): Found 1 files:
- /disk2/home/is28/beresnev28/beresnev_lr/cpp/img_bmp/main.cpp
ClassBrowser::OnThreadEvent(): Updating class browser...
ClassBrowser::OnThreadEvent(): Class browser updated.
Re-parsed 1 files.
CWD for depslib was: /disk2/home/is28/beresnev28/beresnev_lr/cpp/img_bmp.
CWD for depslib is: /disk2/home/is28/beresnev28/beresnev_lr/cpp/img_bmp.
Scanned 0 files for #includes, cache used 0, cache updated 0
CWD for depslib was: /disk2/home/is28/beresnev28/beresnev_lr/cpp/img_bmp.
CWD for depslib is: /disk2/home/is28/beresnev28/beresnev_lr/cpp/img_bmp.
Scanned 0 files for #includes, cache used 0, cache updated 0
CWD for depslib was: /disk2/home/is28/beresnev28/beresnev_lr/cpp/img_bmp.
CWD for depslib is: /disk2/home/is28/beresnev28/beresnev_lr/cpp/img_bmp.
-------------- Build: Debug in img_bmp (compiler: GNU GCC Compiler)---------------
Scanned 0 files for #includes, cache used 0, cache updated 0
g++ -Wall -fexceptions -g  -c /disk2/home/is28/beresnev28/beresnev_lr/cpp/img_bmp/main.cpp -o obj/Debug/main.o
/disk2/home/is28/beresnev28/beresnev_lr/cpp/img_bmp/main.cpp: In function ‘int main()’:
/disk2/home/is28/beresnev28/beresnev_lr/cpp/img_bmp/main.cpp:42:2: error: ‘cout’ was not declared in this scope
  cout << h2.biWidth << " " << h2.biHeight << " " << h1.bfSize << endl
  ^~~~
/disk2/home/is28/beresnev28/beresnev_lr/cpp/img_bmp/main.cpp:42:2: note: suggested alternative:
In file included from /disk2/home/is28/beresnev28/beresnev_lr/cpp/img_bmp/main.cpp:2:0:
/usr/include/c++/7/iostream:61:18: note:   ‘std::cout’
   extern ostream cout;  /// Linked to standard output
                  ^~~~
/disk2/home/is28/beresnev28/beresnev_lr/cpp/img_bmp/main.cpp:42:66: error: ‘endl’ was not declared in this scope
  cout << h2.biWidth << " " << h2.biHeight << " " << h1.bfSize << endl
                                                                  ^~~~
/disk2/home/is28/beresnev28/beresnev_lr/cpp/img_bmp/main.cpp:42:66: note: suggested alternative:
In file included from /usr/include/c++/7/iostream:39:0,
                 from /disk2/home/is28/beresnev28/beresnev_lr/cpp/img_bmp/main.cpp:2:
/usr/include/c++/7/ostream:590:5: note:   ‘std::endl’
     endl(basic_ostream<_CharT, _Traits>& __os)
     ^~~~
Process terminated with status 1 (0 minute(s), 0 second(s))
2 error(s), 0 warning(s) (0 minute(s), 0 second(s))
NativeParser::OnParserStart(): Starting re-parsing for project 'img_bmp'...
Project 'img_bmp' parsing stage done (140 total parsed files, 5720 tokens in 0 minute(s), 0.010 seconds).
NativeParser::GetAllPathsByFilename(): Traversing '/disk2/home/is28/beresnev28/beresnev_lr/cpp/img_bmp' for: main.*
NativeParser::GetAllPathsByFilename(): Traversing ' - /disk2/home/is28/beresnev28/beresnev_lr/cpp/img_bmp/' for: main.*
NativeParser::GetAllPathsByFilename(): Found 1 files:
- /disk2/home/is28/beresnev28/beresnev_lr/cpp/img_bmp/main.cpp
ClassBrowser::OnThreadEvent(): Updating class browser...
ClassBrowser::OnThreadEvent(): Class browser updated.
Reparsing when typing for editor /disk2/home/is28/beresnev28/beresnev_lr/cpp/img_bmp/main.cpp
NativeParser::OnParserStart(): Starting re-parsing for project 'img_bmp'...
Project 'img_bmp' parsing stage done (140 total parsed files, 5720 tokens in 0 minute(s), 0.001 seconds).
NativeParser::GetAllPathsByFilename(): Traversing '/disk2/home/is28/beresnev28/beresnev_lr/cpp/img_bmp' for: main.*
NativeParser::GetAllPathsByFilename(): Traversing ' - /disk2/home/is28/beresnev28/beresnev_lr/cpp/img_bmp/' for: main.*
NativeParser::GetAllPathsByFilename(): Found 1 files:
- /disk2/home/is28/beresnev28/beresnev_lr/cpp/img_bmp/main.cpp
ClassBrowser::OnThreadEvent(): Updating class browser...
ClassBrowser::OnThreadEvent(): Class browser updated.
Re-parsed 1 files.
CWD for depslib was: /disk2/home/is28/beresnev28/beresnev_lr/cpp/img_bmp.
CWD for depslib is: /disk2/home/is28/beresnev28/beresnev_lr/cpp/img_bmp.
Scanned 0 files for #includes, cache used 0, cache updated 0
CWD for depslib was: /disk2/home/is28/beresnev28/beresnev_lr/cpp/img_bmp.
CWD for depslib is: /disk2/home/is28/beresnev28/beresnev_lr/cpp/img_bmp.
Scanned 0 files for #includes, cache used 0, cache updated 0
CWD for depslib was: /disk2/home/is28/beresnev28/beresnev_lr/cpp/img_bmp.
CWD for depslib is: /disk2/home/is28/beresnev28/beresnev_lr/cpp/img_bmp.
-------------- Build: Debug in img_bmp (compiler: GNU GCC Compiler)---------------
Scanned 0 files for #includes, cache used 0, cache updated 0
g++ -Wall -fexceptions -g  -c /disk2/home/is28/beresnev28/beresnev_lr/cpp/img_bmp/main.cpp -o obj/Debug/main.o
/disk2/home/is28/beresnev28/beresnev_lr/cpp/img_bmp/main.cpp: In function ‘int main()’:
/disk2/home/is28/beresnev28/beresnev_lr/cpp/img_bmp/main.cpp:43:2: error: ‘cout’ was not declared in this scope
  cout << h2.biWidth << " " << h2.biHeight << " " << h1.bfSize << endl
NativeParser::OnParserStart(): Starting re-parsing for project 'img_bmp'...
Project 'img_bmp' parsing stage done (140 total parsed files, 5720 tokens in 0 minute(s), 0.004 seconds).
NativeParser::GetAllPathsByFilename(): Traversing '/disk2/home/is28/beresnev28/beresnev_lr/cpp/img_bmp' for: main.*
NativeParser::GetAllPathsByFilename(): Traversing ' - /disk2/home/is28/beresnev28/beresnev_lr/cpp/img_bmp/' for: main.*
NativeParser::GetAllPathsByFilename(): Found 1 files:
- /disk2/home/is28/beresnev28/beresnev_lr/cpp/img_bmp/main.cpp
  ^~~~
/disk2/home/is28/beresnev28/beresnev_lr/cpp/img_bmp/main.cpp:43:2: note: suggested alternative:
In file included from /disk2/home/is28/beresnev28/beresnev_lr/cpp/img_bmp/main.cpp:1:0:
/usr/include/c++/7/iostream:61:18: note:   ‘std::cout’
   extern ostream cout;  /// Linked to standard output
                  ^~~~
/disk2/home/is28/beresnev28/beresnev_lr/cpp/img_bmp/main.cpp:43:66: error: ‘endl’ was not declared in this scope
  cout << h2.biWidth << " " << h2.biHeight << " " << h1.bfSize << endl
                                                                  ^~~~
/disk2/home/is28/beresnev28/beresnev_lr/cpp/img_bmp/main.cpp:43:66: note: suggested alternative:
In file included from /usr/include/c++/7/iostream:39:0,
                 from /disk2/home/is28/beresnev28/beresnev_lr/cpp/img_bmp/main.cpp:1:
/usr/include/c++/7/ostream:590:5: note:   ‘std::endl’
     endl(basic_ostream<_CharT, _Traits>& __os)
     ^~~~
Process terminated with status 1 (0 minute(s), 0 second(s))
2 error(s), 0 warning(s) (0 minute(s), 0 second(s))
ClassBrowser::OnThreadEvent(): Updating class browser...
ClassBrowser::OnThreadEvent(): Class browser updated.
Reparsing when typing for editor /disk2/home/is28/beresnev28/beresnev_lr/cpp/img_bmp/main.cpp
NativeParser::OnParserStart(): Starting re-parsing for project 'img_bmp'...
Project 'img_bmp' parsing stage done (140 total parsed files, 5720 tokens in 0 minute(s), 0.000 seconds).
NativeParser::GetAllPathsByFilename(): Traversing '/disk2/home/is28/beresnev28/beresnev_lr/cpp/img_bmp' for: main.*
NativeParser::GetAllPathsByFilename(): Traversing ' - /disk2/home/is28/beresnev28/beresnev_lr/cpp/img_bmp/' for: main.*
NativeParser::GetAllPathsByFilename(): Found 1 files:
- /disk2/home/is28/beresnev28/beresnev_lr/cpp/img_bmp/main.cpp
ClassBrowser::OnThreadEvent(): Updating class browser...
ClassBrowser::OnThreadEvent(): Class browser updated.
Re-parsed 1 files.
CWD for depslib was: /disk2/home/is28/beresnev28/beresnev_lr/cpp/img_bmp.
CWD for depslib is: /disk2/home/is28/beresnev28/beresnev_lr/cpp/img_bmp.
Scanned 0 files for #includes, cache used 0, cache updated 0
CWD for depslib was: /disk2/home/is28/beresnev28/beresnev_lr/cpp/img_bmp.
CWD for depslib is: /disk2/home/is28/beresnev28/beresnev_lr/cpp/img_bmp.
Scanned 0 files for #includes, cache used 0, cache updated 0
CWD for depslib was: /disk2/home/is28/beresnev28/beresnev_lr/cpp/img_bmp.
CWD for depslib is: /disk2/home/is28/beresnev28/beresnev_lr/cpp/img_bmp.
-------------- Build: Debug in img_bmp (compiler: GNU GCC Compiler)---------------
Scanned 0 files for #includes, cache used 0, cache updated 0
g++ -Wall -fexceptions -g  -c /disk2/home/is28/beresnev28/beresnev_lr/cpp/img_bmp/main.cpp -o obj/Debug/main.o
NativeParser::OnParserStart(): Starting re-parsing for project 'img_bmp'...
/disk2/home/is28/beresnev28/beresnev_lr/cpp/img_bmp/main.cpp: In function ‘int main()’:
Project 'img_bmp' parsing stage done (140 total parsed files, 5720 tokens in 0 minute(s), 0.001 seconds).
NativeParser::GetAllPathsByFilename(): Traversing '/disk2/home/is28/beresnev28/beresnev_lr/cpp/img_bmp' for: main.*
NativeParser::GetAllPathsByFilename(): Traversing ' - /disk2/home/is28/beresnev28/beresnev_lr/cpp/img_bmp/' for: main.*
NativeParser::GetAllPathsByFilename(): Found 1 files:
- /disk2/home/is28/beresnev28/beresnev_lr/cpp/img_bmp/main.cpp
ClassBrowser::OnThreadEvent(): Updating class browser...
/disk2/home/is28/beresnev28/beresnev_lr/cpp/img_bmp/main.cpp:43:2: error: ‘cout’ was not declared in this scope
ClassBrowser::OnThreadEvent(): Class browser updated.
  cout << h2.biWidth << " " << h2.biHeight << " " << h1.bfSize << endl;
  ^~~~
/disk2/home/is28/beresnev28/beresnev_lr/cpp/img_bmp/main.cpp:43:2: note: suggested alternative:
In file included from /disk2/home/is28/beresnev28/beresnev_lr/cpp/img_bmp/main.cpp:1:0:
/usr/include/c++/7/iostream:61:18: note:   ‘std::cout’
   extern ostream cout;  /// Linked to standard output
                  ^~~~
/disk2/home/is28/beresnev28/beresnev_lr/cpp/img_bmp/main.cpp:43:66: error: ‘endl’ was not declared in this scope
  cout << h2.biWidth << " " << h2.biHeight << " " << h1.bfSize << endl;
                                                                  ^~~~
/disk2/home/is28/beresnev28/beresnev_lr/cpp/img_bmp/main.cpp:43:66: note: suggested alternative:
In file included from /usr/include/c++/7/iostream:39:0,
                 from /disk2/home/is28/beresnev28/beresnev_lr/cpp/img_bmp/main.cpp:1:
/usr/include/c++/7/ostream:590:5: note:   ‘std::endl’
     endl(basic_ostream<_CharT, _Traits>& __os)
     ^~~~
Process terminated with status 1 (0 minute(s), 0 second(s))
2 error(s), 0 warning(s) (0 minute(s), 0 second(s))
Reparsing when typing for editor /disk2/home/is28/beresnev28/beresnev_lr/cpp/img_bmp/main.cpp
NativeParser::OnParserStart(): Starting re-parsing for project 'img_bmp'...
Project 'img_bmp' parsing stage done (140 total parsed files, 5720 tokens in 0 minute(s), 0.001 seconds).
NativeParser::GetAllPathsByFilename(): Traversing '/disk2/home/is28/beresnev28/beresnev_lr/cpp/img_bmp' for: main.*
NativeParser::GetAllPathsByFilename(): Traversing ' - /disk2/home/is28/beresnev28/beresnev_lr/cpp/img_bmp/' for: main.*
NativeParser::GetAllPathsByFilename(): Found 1 files:
- /disk2/home/is28/beresnev28/beresnev_lr/cpp/img_bmp/main.cpp
ClassBrowser::OnThreadEvent(): Updating class browser...
ClassBrowser::OnThreadEvent(): Class browser updated.
CWD for depslib was: /disk2/home/is28/beresnev28/beresnev_lr/cpp/img_bmp.
CWD for depslib is: /disk2/home/is28/beresnev28/beresnev_lr/cpp/img_bmp.
Scanned 0 files for #includes, cache used 0, cache updated 0
CWD for depslib was: /disk2/home/is28/beresnev28/beresnev_lr/cpp/img_bmp.
CWD for depslib is: /disk2/home/is28/beresnev28/beresnev_lr/cpp/img_bmp.
Scanned 0 files for #includes, cache used 0, cache updated 0
CWD for depslib was: /disk2/home/is28/beresnev28/beresnev_lr/cpp/img_bmp.
CWD for depslib is: /disk2/home/is28/beresnev28/beresnev_lr/cpp/img_bmp.
-------------- Build: Debug in img_bmp (compiler: GNU GCC Compiler)---------------
Scanned 0 files for #includes, cache used 0, cache updated 0
g++ -Wall -fexceptions -g  -c /disk2/home/is28/beresnev28/beresnev_lr/cpp/img_bmp/main.cpp -o obj/Debug/main.o
/disk2/home/is28/beresnev28/beresnev_lr/cpp/img_bmp/main.cpp: In function ‘int main()’:
/disk2/home/is28/beresnev28/beresnev_lr/cpp/img_bmp/main.cpp:43:2: error: ‘cout’ was not declared in this scope
  cout << h2.biWidth << " " << h2.biHeight << " " << h1.bfSize << endl;
  ^~~~
/disk2/home/is28/beresnev28/beresnev_lr/cpp/img_bmp/main.cpp:43:2: note: suggested alternative:
In file included from /disk2/home/is28/beresnev28/beresnev_lr/cpp/img_bmp/main.cpp:1:0:
/usr/include/c++/7/iostream:61:18: note:   ‘std::cout’
   extern ostream cout;  /// Linked to standard output
                  ^~~~
/disk2/home/is28/beresnev28/beresnev_lr/cpp/img_bmp/main.cpp:43:66: error: ‘endl’ was not declared in this scope
  cout << h2.biWidth << " " << h2.biHeight << " " << h1.bfSize << endl;
                                                                  ^~~~
/disk2/home/is28/beresnev28/beresnev_lr/cpp/img_bmp/main.cpp:43:66: note: suggested alternative:
In file included from /usr/include/c++/7/iostream:39:0,
                 from /disk2/home/is28/beresnev28/beresnev_lr/cpp/img_bmp/main.cpp:1:
/usr/include/c++/7/ostream:590:5: note:   ‘std::endl’
     endl(basic_ostream<_CharT, _Traits>& __os)
     ^~~~
Process terminated with status 1 (0 minute(s), 0 second(s))
2 error(s), 0 warning(s) (0 minute(s), 0 second(s))
Re-parsed 1 files.
NativeParser::OnParserStart(): Starting re-parsing for project 'img_bmp'...
Project 'img_bmp' parsing stage done (140 total parsed files, 5720 tokens in 0 minute(s), 0.001 seconds).
NativeParser::GetAllPathsByFilename(): Traversing '/disk2/home/is28/beresnev28/beresnev_lr/cpp/img_bmp' for: main.*
NativeParser::GetAllPathsByFilename(): Traversing ' - /disk2/home/is28/beresnev28/beresnev_lr/cpp/img_bmp/' for: main.*
NativeParser::GetAllPathsByFilename(): Found 1 files:
- /disk2/home/is28/beresnev28/beresnev_lr/cpp/img_bmp/main.cpp
ClassBrowser::OnThreadEvent(): Updating class browser...
ClassBrowser::OnThreadEvent(): Class browser updated.
CWD for depslib was: /disk2/home/is28/beresnev28/beresnev_lr/cpp/img_bmp.
CWD for depslib is: /disk2/home/is28/beresnev28/beresnev_lr/cpp/img_bmp.
Scanned 0 files for #includes, cache used 0, cache updated 0
CWD for depslib was: /disk2/home/is28/beresnev28/beresnev_lr/cpp/img_bmp.
CWD for depslib is: /disk2/home/is28/beresnev28/beresnev_lr/cpp/img_bmp.
Scanned 0 files for #includes, cache used 0, cache updated 0
CWD for depslib was: /disk2/home/is28/beresnev28/beresnev_lr/cpp/img_bmp.
CWD for depslib is: /disk2/home/is28/beresnev28/beresnev_lr/cpp/img_bmp.
-------------- Build: Debug in img_bmp (compiler: GNU GCC Compiler)---------------
Scanned 0 files for #includes, cache used 0, cache updated 0
g++ -Wall -fexceptions -g  -c /disk2/home/is28/beresnev28/beresnev_lr/cpp/img_bmp/main.cpp -o obj/Debug/main.o
/disk2/home/is28/beresnev28/beresnev_lr/cpp/img_bmp/main.cpp: In function ‘int main()’:
/disk2/home/is28/beresnev28/beresnev_lr/cpp/img_bmp/main.cpp:43:2: error: ‘cout’ was not declared in this scope
  cout << h2.biWidth << " " << h2.biHeight << " " << h1.bfSize << endl;
  ^~~~
/disk2/home/is28/beresnev28/beresnev_lr/cpp/img_bmp/main.cpp:43:2: note: suggested alternative:
In file included fromcorrupted double-linked list
Starting Code::Blocks Release 16.01  rev 10692 2017-09-30, 18:21:54 - wx3.0.3 (Linux, unicode) - 64 bit
Initialize EditColourSet .....
Initialize EditColourSet: done.
Loading menubar...
CodeCompletion: loaded
Debugger: loaded
ToDoList: loaded
FilesExtensionHandler: loaded
Compiler: loaded
OpenFilesList: loaded
AStylePlugin: loaded
ProjectsImporter: loaded
ScriptedWizard: loaded
ClassWizard: loaded
Autosave: loaded
Code completion plugin activated
Debugger plugin activated
Todo List plugin activated
Files extension handler plugin activated
Added compiler "GNU GCC Compiler"
Added compiler "Intel C/C++ Compiler"
Added compiler "GDC D Compiler"
Added compiler "GNU Fortran Compiler"
Added compiler "G95 Fortran Compiler"
Added compiler "GNU GCC Compiler for ARM"
Added compiler "*No Compiler*"
Added compiler "GNU GCC Compiler for Blackfin"
Added compiler "LLVM D Compiler"
Added compiler "GNU GCC Compiler for MSP430 (HighTec)"
Added compiler "Small Device C Compiler"
Added compiler "LLVM Clang Compiler"
Added compiler "GNU GCC Compiler for AVR"
Added compiler "GNU GCC Compiler for LM32"
Added compiler "Digital Mars D Compiler"
Added compiler "GNU GCC Compiler for PowerPC (HighTec)"
Added compiler "GNU GCC Compiler for TriCore (HighTec)"
Added compiler "PGI Fortran Compiler"
Added compiler "Tiny C Compiler"
Added compiler "GNU GCC Compiler for ZPU"
Added compiler "GNU GCC Compiler for LM8"
Compiler plugin activated
Open files list plugin activated
Source code formatter (AStyle) plugin activated
Foreign projects importer plugin activated
Project wizard added for 'Empty project'
Project wizard added for 'Fortran application'
Project wizard added for 'Fortran library'
Project wizard added for 'Fortran DLL'
Project wizard added for 'Console application'
Project wizard added for 'D application'
Project wizard added for 'FLTK project'
Project wizard added for 'GLFW project'
Project wizard added for 'GLUT project'
Project wizard added for 'GTK+ project'
Project wizard added for 'Irrlicht project'
Project wizard added for 'Lightfeather project'
Project wizard added for 'Matlab project'
Project wizard added for 'OpenCV project'
Project wizard added for 'OpenGL project'
Project wizard added for 'Ogre project'
Project wizard added for 'Code::Blocks plugin'
Project wizard added for 'QT4 project'
Project wizard added for 'SDL project'
Project wizard added for 'SFML project'
Project wizard added for 'Static library'
Project wizard added for 'Shared library'
Project wizard added for 'wxWidgets project'
Build-target wizard added for 'Console'
Build-target wizard added for 'Static library'
Build-target wizard added for 'wxWidgets'
Project wizard added for 'ARM Project'
Project wizard added for 'AVR Project'
Project wizard added for 'TriCore Project'
Project wizard added for 'PowerPC Project'
Project wizard added for 'MCS51 Project'
File(s) wizard added for 'Empty file'
File(s) wizard added for 'C/C++ source'
File(s) wizard added for 'C/C++ header'
File(s) wizard added for 'Fortran source'
Scripted wizard plugin activated
Class wizard plugin activated
Autosave plugin activated
Loading toolbar...
ClassBrowser::UpdateClassBrowserView(): No active project available.
ClassBrowser::OnThreadEvent(): Updating class browser...
ClassBrowser::OnThreadEvent(): Class browser updated.
Initializing plugins...
Opening file /home/is28/beresnev28/beresnev_lr/cpp/img_bmp/img_bmp.cbp
Loading project file...
Parsing project file...
Loading target Debug
Loading target Release
Loading project files...
1 files loaded
Done loading project in 4ms
Project's base path: /disk2/home/is28/beresnev28/beresnev_lr/cpp/img_bmp/
Project's common toplevel path: /disk2/home/is28/beresnev28/beresnev_lr/cpp/img_bmp/
Mozilla universal detection engine detected 'Pure *ASCII*'.
Final encoding detected: Unicode 8 bit (UTF-8) (ID: 43)
Project data set for /disk2/home/is28/beresnev28/beresnev_lr/cpp/img_bmp/main.cpp
Top Editor: /disk2/home/is28/beresnev28/beresnev_lr/cpp/img_bmp/main.cpp
NativeParser::GetGCCCompilerDirs(): Caching GCC default include dir: /usr/include/c++/7
NativeParser::GetGCCCompilerDirs(): Caching GCC default include dir: /usr/include/x86_64-linux-gnu/c++/7
NativeParser::GetGCCCompilerDirs(): Caching GCC default include dir: /usr/include/c++/7/backward
NativeParser::GetGCCCompilerDirs(): Caching GCC default include dir: /usr/lib/gcc/x86_64-linux-gnu/7/include
NativeParser::GetGCCCompilerDirs(): Caching GCC default include dir: /usr/local/include
NativeParser::GetGCCCompilerDirs(): Caching GCC default include dir: /usr/lib/gcc/x86_64-linux-gnu/7/include-fixed
NativeParser::GetGCCCompilerDirs(): Caching GCC default include dir: /usr/include/x86_64-linux-gnu
NativeParser::GetGCCCompilerDirs(): Caching GCC default include dir: /usr/include
NativeParser::AddCompilerPredefinedMacrosGCC: Caching predefined macros for compiler '/usr/bin/g++':
#define __SSP_STRONG__ 3
#define __DBL_MIN_EXP__ (-1021)
#define __FLT32X_MAX_EXP__ 1024
#define __cpp_attributes 200809
#define __UINT_LEAST16_MAX__ 0xffff
#define __ATOMIC_ACQUIRE 2
#define __FLT128_MAX_10_EXP__ 4932
#define __FLT_MIN__ 1.17549435082228750796873653722224568e-38F
#define __GCC_IEC_559_COMPLEX 2
#define __cpp_aggregate_nsdmi 201304
#define __UINT_LEAST8_TYPE__ unsigned char
#define __SIZEOF_FLOAT80__ 16
#define __INTMAX_C(c) c ## L
#define __CHAR_BIT__ 8
#define __UINT8_MAX__ 0xff
#define __WINT_MAX__ 0xffffffffU
#define __FLT32_MIN_EXP__ (-125)
#define __cpp_static_assert 200410
#define __ORDER_LITTLE_ENDIAN__ 1234
#define __SIZE_MAX__ 0xffffffffffffffffUL
#define __WCHAR_MAX__ 0x7fffffff
#define __GCC_HAVE_SYNC_COMPARE_AND_SWAP_1 1
#define __GCC_HAVE_SYNC_COMPARE_AND_SWAP_2 1
#define __GCC_HAVE_SYNC_COMPARE_AND_SWAP_4 1
#define __DBL_DENORM_MIN__ double(4.94065645841246544176568792868221372e-324L)
#define __GCC_HAVE_SYNC_COMPARE_AND_SWAP_8 1
#define __GCC_ATOMIC_CHAR_LOCK_FREE 2
#define __GCC_IEC_559 2
#define __FLT32X_DECIMAL_DIG__ 17
#define __FLT_EVAL_METHOD__ 0
#define __unix__ 1
#define __cpp_binary_literals 201304
#define __FLT64_DECIMAL_DIG__ 17
#define __GCC_ATOMIC_CHAR32_T_LOCK_FREE 2
#define __x86_64 1
#define __cpp_variadic_templates 200704
#define __UINT_FAST64_MAX__ 0xffffffffffffffffUL
#define __SIG_ATOMIC_TYPE__ int
#define __DBL_MIN_10_EXP__ (-307)
#define __FINITE_MATH_ONLY__ 0
#define __cpp_variable_templates 201304
#define __GNUC_PATCHLEVEL__ 0
#define __FLT32_HAS_DENORM__ 1
#define __UINT_FAST8_MAX__ 0xff
#define __has_include(STR) __has_include__(STR)
#define __DEC64_MAX_EXP__ 385
#define __INT8_C(c) c
#define __INT_LEAST8_WIDTH__ 8
#define __UINT_LEAST64_MAX__ 0xffffffffffffffffUL
#define __SHRT_MAX__ 0x7fff
#define __LDBL_MAX__ 1.18973149535723176502126385303097021e+4932L
#define __FLT64X_MAX_10_EXP__ 4932
#define __UINT_LEAST8_MAX__ 0xff
#define __GCC_ATOMIC_BOOL_LOCK_FREE 2
#define __FLT128_DENORM_MIN__ 6.47517511943802511092443895822764655e-4966F128
#define __UINTMAX_TYPE__ long unsigned int
#define __linux 1
#define __DEC32_EPSILON__ 1E-6DF
#define __FLT_EVAL_METHOD_TS_18661_3__ 0
#define __unix 1
#define __UINT32_MAX__ 0xffffffffU
#define __GXX_EXPERIMENTAL_CXX0X__ 1
#define __LDBL_MAX_EXP__ 16384
#define __FLT128_MIN_EXP__ (-16381)
#define __WINT_MIN__ 0U
#define __linux__ 1
#define __FLT128_MIN_10_EXP__ (-4931)
#define __INT_LEAST16_WIDTH__ 16
#define __SCHAR_MAX__ 0x7f
#define __FLT128_MANT_DIG__ 113
#define __WCHAR_MIN__ (-__WCHAR_MAX__ - 1)
#define __INT64_C(c) c ## L
#define __DBL_DIG__ 15
#define __GCC_ATOMIC_POINTER_LOCK_FREE 2
#define __FLT64X_MANT_DIG__ 64
#define __SIZEOF_INT__ 4
#define __SIZEOF_POINTER__ 8
#define __GCC_ATOMIC_CHAR16_T_LOCK_FREE 2
#define __USER_LABEL_PREFIX__ 
#define __FLT64X_EPSILON__ 1.08420217248550443400745280086994171e-19F64x
#define __STDC_HOSTED__ 1
#define __LDBL_HAS_INFINITY__ 1
#define __FLT32_DIG__ 6
#define __FLT_EPSILON__ 1.19209289550781250000000000000000000e-7F
#define __GXX_WEAK__ 1
#define __SHRT_WIDTH__ 16
#define __LDBL_MIN__ 3.36210314311209350626267781732175260e-4932L
#define __DEC32_MAX__ 9.999999E96DF
#define __cpp_threadsafe_static_init 200806
#define __FLT64X_DENORM_MIN__ 3.64519953188247460252840593361941982e-4951F64x
#define __FLT32X_HAS_INFINITY__ 1
#define __INT32_MAX__ 0x7fffffff
#define __INT_WIDTH__ 32
#define __SIZEOF_LONG__ 8
#define __STDC_IEC_559__ 1
#define __STDC_ISO_10646__ 201706L
#define __UINT16_C(c) c
#define __PTRDIFF_WIDTH__ 64
#define __DECIMAL_DIG__ 21
#define __FLT64_EPSILON__ 2.22044604925031308084726333618164062e-16F64
#define __gnu_linux__ 1
#define __INTMAX_WIDTH__ 64
#define __FLT64_MIN_EXP__ (-1021)
#define __has_include_next(STR) __has_include_next__(STR)
#define __FLT64X_MIN_10_EXP__ (-4931)
#define __LDBL_HAS_QUIET_NAN__ 1
#define __FLT64_MANT_DIG__ 53
#define __GNUC__ 7
#define __GXX_RTTI 1
#define __pie__ 2
#define __MMX__ 1
#define __cpp_delegating_constructors 200604
#define __FLT_HAS_DENORM__ 1
#define __SIZEOF_LONG_DOUBLE__ 16
#define __BIGGEST_ALIGNMENT__ 16
#define __STDC_UTF_16__ 1
#define __FLT64_MAX_10_EXP__ 308
#define __FLT32_HAS_INFINITY__ 1
#define __DBL_MAX__ double(1.79769313486231570814527423731704357e+308L)
#define __cpp_raw_strings 200710
#define __INT_FAST32_MAX__ 0x7fffffffffffffffL
#define __DBL_HAS_INFINITY__ 1
#define __INT64_MAX__ 0x7fffffffffffffffL
#define __DEC32_MIN_EXP__ (-94)
#define __INTPTR_WIDTH__ 64
#define __FLT32X_HAS_DENORM__ 1
#define __INT_FAST16_TYPE__ long int
#define __LDBL_HAS_DENORM__ 1
#define __cplusplus 201402L
#define __cpp_ref_qualifiers 200710
#define __DEC128_MAX__ 9.999999999999999999999999999999999E6144DL
#define __INT_LEAST32_MAX__ 0x7fffffff
#define __DEC32_MIN__ 1E-95DF
#define __DEPRECATED 1
#define __cpp_rvalue_references 200610
#define __DBL_MAX_EXP__ 1024
#define __WCHAR_WIDTH__ 32
#define __FLT32_MAX__ 3.40282346638528859811704183484516925e+38F32
#define __DEC128_EPSILON__ 1E-33DL
#define __SSE2_MATH__ 1
#define __ATOMIC_HLE_RELEASE 131072
#define __PTRDIFF_MAX__ 0x7fffffffffffffffL
#define __amd64 1
#define __STDC_NO_THREADS__ 1
#define __ATOMIC_HLE_ACQUIRE 65536
#define __FLT32_HAS_QUIET_NAN__ 1
#define __GNUG__ 7
#define __LONG_LONG_MAX__ 0x7fffffffffffffffLL
#define __SIZEOF_SIZE_T__ 8
#define __cpp_rvalue_reference 200610
#define __cpp_nsdmi 200809
#define __FLT64X_MIN_EXP__ (-16381)
#define __SIZEOF_WINT_T__ 4
#define __LONG_LONG_WIDTH__ 64
#define __cpp_initializer_lists 200806
#define __FLT32_MAX_EXP__ 128
#define __cpp_hex_float 201603
#define __GCC_HAVE_DWARF2_CFI_ASM 1
#define __GXX_ABI_VERSION 1011
#define __FLT128_HAS_INFINITY__ 1
#define __FLT_MIN_EXP__ (-125)
#define __cpp_lambdas 200907
#define __FLT64X_HAS_QUIET_NAN__ 1
#define __INT_FAST64_TYPE__ long int
#define __FLT64_DENORM_MIN__ 4.94065645841246544176568792868221372e-324F64
#define __DBL_MIN__ double(2.22507385850720138309023271733240406e-308L)
#define __PIE__ 2
#define __LP64__ 1
#define __FLT32X_EPSILON__ 2.22044604925031308084726333618164062e-16F32x
#define __DECIMAL_BID_FORMAT__ 1
#define __FLT64_MIN_10_EXP__ (-307)
#define __FLT64X_DECIMAL_DIG__ 21
#define __DEC128_MIN__ 1E-6143DL
#define __REGISTER_PREFIX__ 
#define __UINT16_MAX__ 0xffff
#define __DBL_HAS_DENORM__ 1
#define __FLT32_MIN__ 1.17549435082228750796873653722224568e-38F32
#define __UINT8_TYPE__ unsigned char
#define __NO_INLINE__ 1
#define __FLT_MANT_DIG__ 24
#define __LDBL_DECIMAL_DIG__ 21
#define __VERSION__ "7.4.0"
#define __UINT64_C(c) c ## UL
#define __cpp_unicode_characters 200704
#define _STDC_PREDEF_H 1
#define __cpp_decltype_auto 201304
#define __GCC_ATOMIC_INT_LOCK_FREE 2
#define __FLT128_MAX_EXP__ 16384
#define __FLT32_MANT_DIG__ 24
#define __FLOAT_WORD_ORDER__ __ORDER_LITTLE_ENDIAN__
#define __STDC_IEC_559_COMPLEX__ 1
#define __FLT128_HAS_DENORM__ 1
#define __FLT128_DIG__ 33
#define __SCHAR_WIDTH__ 8
#define __INT32_C(c) c
#define __DEC64_EPSILON__ 1E-15DD
#define __ORDER_PDP_ENDIAN__ 3412
#define __DEC128_MIN_EXP__ (-6142)
#define __FLT32_MAX_10_EXP__ 38
#define __INT_FAST32_TYPE__ long int
#define __UINT_LEAST16_TYPE__ short unsigned int
#define __FLT64X_HAS_INFINITY__ 1
#define unix 1
#define __INT16_MAX__ 0x7fff
#define __cpp_rtti 199711
#define __SIZE_TYPE__ long unsigned int
#define __UINT64_MAX__ 0xffffffffffffffffUL
#define __FLT64X_DIG__ 18
#define __INT8_TYPE__ signed char
#define __cpp_digit_separators 201309
#define __ELF__ 1
#define __GCC_ASM_FLAG_OUTPUTS__ 1
#define __FLT_RADIX__ 2
#define __INT_LEAST16_TYPE__ short int
#define __LDBL_EPSILON__ 1.08420217248550443400745280086994171e-19L
#define __UINTMAX_C(c) c ## UL
#define __GLIBCXX_BITSIZE_INT_N_0 128
#define __k8 1
#define __SIG_ATOMIC_MAX__ 0x7fffffff
#define __GCC_ATOMIC_WCHAR_T_LOCK_FREE 2
#define __cpp_sized_deallocation 201309
#define __SIZEOF_PTRDIFF_T__ 8
#define __FLT32X_MANT_DIG__ 53
#define __x86_64__ 1
#define __FLT32X_MIN_EXP__ (-1021)
#define __DEC32_SUBNORMAL_MIN__ 0.000001E-95DF
#define __INT_FAST16_MAX__ 0x7fffffffffffffffL
#define __FLT64_DIG__ 15
#define __UINT_FAST32_MAX__ 0xffffffffffffffffUL
#define __UINT_LEAST64_TYPE__ long unsigned int
#define __FLT_HAS_QUIET_NAN__ 1
#define __FLT_MAX_10_EXP__ 38
#define __LONG_MAX__ 0x7fffffffffffffffL
#define __FLT64X_HAS_DENORM__ 1
#define __DEC128_SUBNORMAL_MIN__ 0.000000000000000000000000000000001E-6143DL
#define __FLT_HAS_INFINITY__ 1
#define __cpp_unicode_literals 200710
#define __UINT_FAST16_TYPE__ long unsigned int
#define __DEC64_MAX__ 9.999999999999999E384DD
#define __INT_FAST32_WIDTH__ 64
#define __CHAR16_TYPE__ short unsigned int
#define __PRAGMA_REDEFINE_EXTNAME 1
#define __SIZE_WIDTH__ 64
#define __SEG_FS 1
#define __INT_LEAST16_MAX__ 0x7fff
#define __DEC64_MANT_DIG__ 16
#define __UINT_LEAST32_MAX__ 0xffffffffU
#define __SEG_GS 1
#define __FLT32_DENORM_MIN__ 1.40129846432481707092372958328991613e-45F32
#define __GCC_ATOMIC_LONG_LOCK_FREE 2
#define __SIG_ATOMIC_WIDTH__ 32
#define __INT_LEAST64_TYPE__ long int
#define __INT16_TYPE__ short int
#define __INT_LEAST8_TYPE__ signed char
#define __DEC32_MAX_EXP__ 97
#define __INT_FAST8_MAX__ 0x7f
#define __FLT128_MAX__ 1.18973149535723176508575932662800702e+4932F128
#define __INTPTR_MAX__ 0x7fffffffffffffffL
#define linux 1
#define __cpp_range_based_for 200907
#define __FLT64_HAS_QUIET_NAN__ 1
#define __FLT32_MIN_10_EXP__ (-37)
#define __SSE2__ 1
#define __EXCEPTIONS 1
#define __LDBL_MANT_DIG__ 64
#define __DBL_HAS_QUIET_NAN__ 1
#define __FLT64_HAS_INFINITY__ 1
#define __FLT64X_MAX__ 1.18973149535723176502126385303097021e+4932F64x
#define __SIG_ATOMIC_MIN__ (-__SIG_ATOMIC_MAX__ - 1)
#define __code_model_small__ 1
#define __cpp_return_type_deduction 201304
#define __k8__ 1
#define __INTPTR_TYPE__ long int
#define __UINT16_TYPE__ short unsigned int
#define __WCHAR_TYPE__ int
#define __SIZEOF_FLOAT__ 4
#define __pic__ 2
#define __UINTPTR_MAX__ 0xffffffffffffffffUL
#define __INT_FAST64_WIDTH__ 64
#define __DEC64_MIN_EXP__ (-382)
#define __cpp_decltype 200707
#define __FLT32_DECIMAL_DIG__ 9
#define __INT_FAST64_MAX__ 0x7fffffffffffffffL
#define __GCC_ATOMIC_TEST_AND_SET_TRUEVAL 1
#define __FLT_DIG__ 6
#define __FLT64X_MAX_EXP__ 16384
#define __UINT_FAST64_TYPE__ long unsigned int
#define __INT_MAX__ 0x7fffffff
#define __amd64__ 1
#define __INT64_TYPE__ long int
#define __FLT_MAX_EXP__ 128
#define __ORDER_BIG_ENDIAN__ 4321
#define __DBL_MANT_DIG__ 53
#define __cpp_inheriting_constructors 201511
#define __SIZEOF_FLOAT128__ 16
#define __INT_LEAST64_MAX__ 0x7fffffffffffffffL
#define __DEC64_MIN__ 1E-383DD
#define __WINT_TYPE__ unsigned int
#define __UINT_LEAST32_TYPE__ unsigned int
#define __SIZEOF_SHORT__ 2
#define __SSE__ 1
#define __LDBL_MIN_EXP__ (-16381)
#define __FLT64_MAX__ 1.79769313486231570814527423731704357e+308F64
#define __WINT_WIDTH__ 32
#define __INT_LEAST8_MAX__ 0x7f
#define __FLT32X_MAX_10_EXP__ 308
#define __SIZEOF_INT128__ 16
#define __LDBL_MAX_10_EXP__ 4932
#define __ATOMIC_RELAXED 0
#define __DBL_EPSILON__ double(2.22044604925031308084726333618164062e-16L)
#define __FLT128_MIN__ 3.36210314311209350626267781732175260e-4932F128
#define _LP64 1
#define __UINT8_C(c) c
#define __FLT64_MAX_EXP__ 1024
#define __INT_LEAST32_TYPE__ int
#define __SIZEOF_WCHAR_T__ 4
#define __FLT128_HAS_QUIET_NAN__ 1
#define __INT_FAST8_TYPE__ signed char
#define __FLT64X_MIN__ 3.36210314311209350626267781732175260e-4932F64x
#define __GNUC_STDC_INLINE__ 1
#define __FLT64_HAS_DENORM__ 1
#define __FLT32_EPSILON__ 1.19209289550781250000000000000000000e-7F32
#define __DBL_DECIMAL_DIG__ 17
#define __STDC_UTF_32__ 1
#define __INT_FAST8_WIDTH__ 8
#define __FXSR__ 1
#define __DEC_EVAL_METHOD__ 2
#define __FLT32X_MAX__ 1.79769313486231570814527423731704357e+308F32x
#define __cpp_runtime_arrays 198712
#define __UINT64_TYPE__ long unsigned int
#define __UINT32_C(c) c ## U
#define __INTMAX_MAX__ 0x7fffffffffffffffL
#define __cpp_alias_templates 200704
#define __BYTE_ORDER__ __ORDER_LITTLE_ENDIAN__
#define __FLT_DENORM_MIN__ 1.40129846432481707092372958328991613e-45F
#define __INT8_MAX__ 0x7f
#define __LONG_WIDTH__ 64
#define __PIC__ 2
#define __UINT_FAST32_TYPE__ long unsigned int
#define __CHAR32_TYPE__ unsigned int
#define __FLT_MAX__ 3.40282346638528859811704183484516925e+38F
#define __cpp_constexpr 201304
#define __INT32_TYPE__ int
#define __SIZEOF_DOUBLE__ 8
#define __cpp_exceptions 199711
#define __FLT_MIN_10_EXP__ (-37)
#define __FLT64_MIN__ 2.22507385850720138309023271733240406e-308F64
#define __INT_LEAST32_WIDTH__ 32
#define __INTMAX_TYPE__ long int
#define __DEC128_MAX_EXP__ 6145
#define __FLT32X_HAS_QUIET_NAN__ 1
#define __ATOMIC_CONSUME 1
#define __GNUC_MINOR__ 4
#define __GLIBCXX_TYPE_INT_N_0 __int128
#define __INT_FAST16_WIDTH__ 64
#define __UINTMAX_MAX__ 0xffffffffffffffffUL
#define __DEC32_MANT_DIG__ 7
#define __FLT32X_DENORM_MIN__ 4.94065645841246544176568792868221372e-324F32x
#define __DBL_MAX_10_EXP__ 308
#define __LDBL_DENORM_MIN__ 3.64519953188247460252840593361941982e-4951L
#define __INT16_C(c) c
#define __cpp_generic_lambdas 201304
#define __STDC__ 1
#define __FLT32X_DIG__ 15
#define __PTRDIFF_TYPE__ long int
#define __ATOMIC_SEQ_CST 5
#define __UINT32_TYPE__ unsigned int
#define __FLT32X_MIN_10_EXP__ (-307)
#define __UINTPTR_TYPE__ long unsigned int
#define __DEC64_SUBNORMAL_MIN__ 0.000000000000001E-383DD
#define __DEC128_MANT_DIG__ 34
#define __LDBL_MIN_10_EXP__ (-4931)
#define __FLT128_EPSILON__ 1.92592994438723585305597794258492732e-34F128
#define __SSE_MATH__ 1
#define __SIZEOF_LONG_LONG__ 8
#define __cpp_user_defined_literals 200809
#define __FLT128_DECIMAL_DIG__ 36
#define __GCC_ATOMIC_LLONG_LOCK_FREE 2
#define __FLT32X_MIN__ 2.22507385850720138309023271733240406e-308F32x
#define __LDBL_DIG__ 18
#define __FLT_DECIMAL_DIG__ 9
#define __UINT_FAST16_MAX__ 0xffffffffffffffffUL
#define __GCC_ATOMIC_SHORT_LOCK_FREE 2
#define __INT_LEAST64_WIDTH__ 64
#define __UINT_FAST8_TYPE__ unsigned char
#define _GNU_SOURCE 1
#define __cpp_init_captures 201304
#define __ATOMIC_ACQ_REL 4
#define __ATOMIC_RELEASE 3

NativeParser::DoFullParsing(): AddProjectDefinedMacros failed!
NativeParser::DoFullParsing(): Adding cpp/c files to batch-parser
NativeParser::DoFullParsing(): Added 1 source file(s) for project 'img_bmp' to batch-parser...
ClassBrowser::UpdateClassBrowserView(): No active project available.
NativeParser::GetAllPathsByFilename(): Traversing '/disk2/home/is28/beresnev28/beresnev_lr/cpp/img_bmp' for: main.*
NativeParser::GetAllPathsByFilename(): Found 1 files:
- /disk2/home/is28/beresnev28/beresnev_lr/cpp/img_bmp/main.cpp
NativeParser::CreateParser(): Finish creating a new parser for project 'img_bmp'
ClassBrowser::OnThreadEvent(): Updating class browser...
ClassBrowser::OnThreadEvent(): Class browser updated.
NativeParser::OnParserStart(): Starting batch parsing for project 'img_bmp'...
ReadClsNames() : Unexpected token '((__aligned__))' for 'struct79___pthread_unwind_buf_t', file '/usr/include/pthread.h', line 532.
ReadVarNames() : Unexpected token '<' for 'allocator_traits', file '/usr/include/c++/7/bits/alloc_traits.h', line 217.
NativeParser::OnParserEnd(): Project 'img_bmp' parsing stage done!
Project 'img_bmp' parsing stage done (140 total parsed files, 5720 tokens in 0 minute(s), 0.341 seconds).
NativeParser::GetAllPathsByFilename(): Traversing '/disk2/home/is28/beresnev28/beresnev_lr/cpp/img_bmp' for: main.*
NativeParser::GetAllPathsByFilename(): Traversing ' - /disk2/home/is28/beresnev28/beresnev_lr/cpp/img_bmp/' for: main.*
NativeParser::GetAllPathsByFilename(): Found 1 files:
- /disk2/home/is28/beresnev28/beresnev_lr/cpp/img_bmp/main.cpp
ClassBrowser::OnThreadEvent(): Updating class browser...
ClassBrowser::OnThreadEvent(): Class browser updated.
SystemHeadersThread: /usr/include/c++/7/ , 672
SystemHeadersThread: /usr/include/x86_64-linux-gnu/c++/7/ , 23
SystemHeadersThread: /usr/include/c++/7/backward/ , 8
SystemHeadersThread: /usr/lib/gcc/x86_64-linux-gnu/7/include/ , 117
SystemHeadersThread: /usr/local/include/ , 0
SystemHeadersThread: /usr/lib/gcc/x86_64-linux-gnu/7/include-fixed/ , 3
SystemHeadersThread: /usr/include/x86_64-linux-gnu/ , 1921
SystemHeadersThread: /usr/include/ , 2825
SystemHeadersThread: Total number of paths: 8
-------------- Run: Debug in img_bmp (compiler: GNU GCC Compiler)---------------
Process terminated with status 0 (0 minute(s), 2 second(s))
CWD for depslib was: /disk2/home/is28/beresnev28/beresnev_lr/cpp/img_bmp.
CWD for depslib is: /disk2/home/is28/beresnev28/beresnev_lr/cpp/img_bmp.
Scanned 0 files for #includes, cache used 0, cache updated 0
CWD for depslib was: /disk2/home/is28/beresnev28/beresnev_lr/cpp/img_bmp.
CWD for depslib is: /disk2/home/is28/beresnev28/beresnev_lr/cpp/img_bmp.
Scanned 0 files for #includes, cache used 0, cache updated 0
CWD for depslib was: /disk2/home/is28/beresnev28/beresnev_lr/cpp/img_bmp.
CWD for depslib is: /disk2/home/is28/beresnev28/beresnev_lr/cpp/img_bmp.
-------------- Build: Debug in img_bmp (compiler: GNU GCC Compiler)---------------
Scanned 0 files for #includes, cache used 0, cache updated 0
g++ -Wall -fexceptions -g  -c /disk2/home/is28/beresnev28/beresnev_lr/cpp/img_bmp/main.cpp -o obj/Debug/main.o
/disk2/home/is28/beresnev28/beresnev_lr/cpp/img_bmp/main.cpp: In function ‘int main()’:
/disk2/home/is28/beresnev28/beresnev_lr/cpp/img_bmp/main.cpp:43:2: error: ‘cout’ was not declared in this scope
  cout << h2.biWidth << " " << h2.biHeight << " " << h1.bfSize << endl;
  ^~~~
/disk2/home/is28/beresnev28/beresnev_lr/cpp/img_bmp/main.cpp:43:2: note: suggested alternative:
In file included from /disk2/home/is28/beresnev28/beresnev_lr/cpp/img_bmp/main.cpp:1:0:
/usr/include/c++/7/iostream:61:18: note:   ‘std::cout’
   extern ostream cout;  /// Linked to standard output
                  ^~~~
/disk2/home/is28/beresnev28/beresnev_lr/cpp/img_bmp/main.cpp:43:66: error: ‘endl’ was not declared in this scope
  cout << h2.biWidth << " " << h2.biHeight << " " << h1.bfSize << endl;
                                                                  ^~~~
/disk2/home/is28/beresnev28/beresnev_lr/cpp/img_bmp/main.cpp:43:66: note: suggested alternative:
In file included from /usr/include/c++/7/iostream:39:0,
                 from /disk2/home/is28/beresnev28/beresnev_lr/cpp/img_bmp/main.cpp:1:
/usr/include/c++/7/ostream:590:5: note:   ‘std::endl’
     endl(basic_ostream<_CharT, _Traits>& __os)
     ^~~~
Process terminated with status 1 (0 minute(s), 0 second(s))
2 error(s), 0 warning(s) (0 minute(s), 0 second(s))
Re-parsed 1 files.
NativeParser::OnParserStart(): Starting re-parsing for project 'img_bmp'...
Project 'img_bmp' parsing stage done (140 total parsed files, 5720 tokens in 0 minute(s), 0.000 seconds).
NativeParser::GetAllPathsByFilename(): Traversing '/disk2/home/is28/beresnev28/beresnev_lr/cpp/img_bmp' for: main.*
NativeParser::GetAllPathsByFilename(): Traversing ' - /disk2/home/is28/beresnev28/beresnev_lr/cpp/img_bmp/' for: main.*
NativeParser::GetAllPathsByFilename(): Found 1 files:
- /disk2/home/is28/beresnev28/beresnev_lr/cpp/img_bmp/main.cpp
ClassBrowser::OnThreadEvent(): Updating class browser...
ClassBrowser::OnThreadEvent(): Class browser updated.
CWD for depslib was: /disk2/home/is28/beresnev28/beresnev_lr/cpp/img_bmp.
CWD for depslib is: /disk2/home/is28/beresnev28/beresnev_lr/cpp/img_bmp.
Scanned 0 files for #includes, cache used 0, cache updated 0
CWD for depslib was: /disk2/home/is28/beresnev28/beresnev_lr/cpp/img_bmp.
CWD for depslib is: /disk2/home/is28/beresnev28/beresnev_lr/cpp/img_bmp.
Scanned 0 files for #includes, cache used 0, cache updated 0
CWD for depslib was: /disk2/home/is28/beresnev28/beresnev_lr/cpp/img_bmp.
CWD for depslib is: /disk2/home/is28/beresnev28/beresnev_lr/cpp/img_bmp.
-------------- Build: Debug in img_bmp (compiler: GNU GCC Compiler)---------------
Scanned 0 files for #includes, cache used 0, cache updated 0
g++ -Wall -fexceptions -g  -c /disk2/home/is28/beresnev28/beresnev_lr/cpp/img_bmp/main.cpp -o obj/Debug/main.o
/disk2/home/is28/beresnev28/beresnev_lr/cpp/img_bmp/main.cpp: In function ‘int main()’:
/disk2/home/is28/beresnev28/beresnev_lr/cpp/img_bmp/main.cpp:43:2: error: ‘cout’ was not declared in this scope
  cout << h2.biWidth << " " << h2.biHeight << " " << h1.bfSize << endl;
  ^~~~
/disk2/home/is28/beresnev28/beresnev_lr/cpp/img_bmp/main.cpp:43:2: note: suggested alternative:
In file included from /disk2/home/is28/beresnev28/beresnev_lr/cpp/img_bmp/main.cpp:1:0:
/usr/include/c++/7/iostream:61:18: note:   ‘std::cout’
   extern ostream cout;  /// Linked to standard output
                  ^~~~
/disk2/home/is28/beresnev28/beresnev_lr/cpp/img_bmp/main.cpp:43:66: error: ‘endl’ was not declared in this scope
  cout << h2.biWidth << " " << h2.biHeight << " " << h1.bfSize << endl;
                                                                  ^~~~
/disk2/home/is28/beresnev28/beresnev_lr/cpp/img_bmp/main.cpp:43:66: note: suggested alternative:
In file included from /usr/include/c++/7/iostream:39:0,
                 from /disk2/home/is28/beresnev28/beresnev_lr/cpp/img_bmp/main.cpp:1:
/usr/include/c++/7/ostream:590:5: note:   ‘std::endl’
     endl(basic_ostream<_CharT, _Traits>& __os)
     ^~~~
Process terminated with status 1 (0 minute(s), 0 second(s))
2 error(s), 0 warning(s) (0 minute(s), 0 second(s))
Reparsing when typing for editor /disk2/home/is28/beresnev28/beresnev_lr/cpp/img_bmp/main.cpp
NativeParser::OnParserStart(): Starting re-parsing for project 'img_bmp'...
Project 'img_bmp' parsing stage done (140 total parsed files, 5720 tokens in 0 minute(s), 0.000 seconds).
NativeParser::GetAllPathsByFilename(): Traversing '/disk2/home/is28/beresnev28/beresnev_lr/cpp/img_bmp' for: main.*
NativeParser::GetAllPathsByFilename(): Traversing ' - /disk2/home/is28/beresnev28/beresnev_lr/cpp/img_bmp/' for: main.*
NativeParser::GetAllPathsByFilename(): Found 1 files:
- /disk2/home/is28/beresnev28/beresnev_lr/cpp/img_bmp/main.cpp
ClassBrowser::OnThreadEvent(): Updating class browser...
ClassBrowser::OnThreadEvent(): Class browser updated.
Reparsing when typing for editor /disk2/home/is28/beresnev28/beresnev_lr/cpp/img_bmp/main.cpp
NativeParser::OnParserStart(): Starting re-parsing for project 'img_bmp'...
Project 'img_bmp' parsing stage done (140 total parsed files, 5720 tokens in 0 minute(s), 0.001 seconds).
NativeParser::GetAllPathsByFilename(): Traversing '/disk2/home/is28/beresnev28/beresnev_lr/cpp/img_bmp' for: main.*
NativeParser::GetAllPathsByFilename(): Traversing ' - /disk2/home/is28/beresnev28/beresnev_lr/cpp/img_bmp/' for: main.*
NativeParser::GetAllPathsByFilename(): Found 1 files:
- /disk2/home/is28/beresnev28/beresnev_lr/cpp/img_bmp/main.cpp
ClassBrowser::OnThreadEvent(): Updating class browser...
ClassBrowser::OnThreadEvent(): Class browser updated.
Reparsing when typing for editor /disk2/home/is28/beresnev28/beresnev_lr/cpp/img_bmp/main.cpp
NativeParser::OnParserStart(): Starting re-parsing for project 'img_bmp'...
Project 'img_bmp' parsing stage done (140 total parsed files, 5720 tokens in 0 minute(s), 0.001 seconds).
NativeParser::GetAllPathsByFilename(): Traversing '/disk2/home/is28/beresnev28/beresnev_lr/cpp/img_bmp' for: main.*
NativeParser::GetAllPathsByFilename(): Traversing ' - /disk2/home/is28/beresnev28/beresnev_lr/cpp/img_bmp/' for: main.*
NativeParser::GetAllPathsByFilename(): Found 1 files:
- /disk2/home/is28/beresnev28/beresnev_lr/cpp/img_bmp/main.cpp
ClassBrowser::OnThreadEvent(): Updating class browser...
ClassBrowser::OnThreadEvent(): Class browser updated.
Reparsing when typing for editor /disk2/home/is28/beresnev28/beresnev_lr/cpp/img_bmp/main.cpp
NativeParser::OnParserStart(): Starting re-parsing for project 'img_bmp'...
Project 'img_bmp' parsing stage done (140 total parsed files, 5720 tokens in 0 minute(s), 0.001 seconds).
NativeParser::GStarting Code::Blocks Release 16.01  rev 10692 2017-09-30, 18:21:54 - wx3.0.3 (Linux, unicode) - 64 bit
etAllPathsByFilename(): Traversing '/disk2/home/is28/beresnev28/beresnev_lr/cpp/img_bmp' for: main.*
NativeParser::GetAllPathsByFilename(): Traversing ' - /disk2/home/is28/beresnev28/beresnev_lr/cpp/img_bmp/' for: main.*
NativeParser::GetAllPathsByFilename(): Found 1 files:
- /disk2/home/is28/beresnev28/beresnev_lr/cpp/img_bmp/main.cpp
ClassBrowser::OnThreadEvent(): Updating class browser...
ClassBrowser::OnThreadEvent(): Class browser updated.
Reparsing when typing for editor /disk2/home/is28/beresnev28/beresnev_lr/cpp/img_bmp/main.cpp
NativeParser::OnParserStart(): Starting re-parsing for project 'img_bmp'...
Project 'img_bmp' parsing stage done (140 total parsed files, 5720 tokens in 0 minute(s), 0.000 seconds).
NativeParser::GetAllPathsByFilename(): Traversing '/disk2/home/is28/beresnev28/beresnev_lr/cpp/img_bmp' for: main.*
NativeParser::GetAllPathsByFilename(): Traversing ' - /disk2/home/is28/beresnev28/beresnev_lr/cpp/img_bmp/' for: main.*
NativeParser::GetAllPathsByFilename(): Found 1 files:
- /disk2/home/is28/beresnev28/beresnev_lr/cpp/img_bmp/main.cpp
ClassBrowser::OnThreadEvent(): Updating class browser...
ClassBrowser::OnThreadEvent(): Class browser updated.
Reparsing when typing for editor /disk2/home/is28/beresnev28/beresnev_lr/cpp/img_bmp/main.cpp
NativeParser::OnParserStart(): Starting re-parsing for project 'img_bmp'...
Project 'img_bmp' parsing stage done (140 total parsed files, 5720 tokens in 0 minute(s), 0.002 seconds).
NativeParser::GetAllPathsByFilename(): Traversing '/disk2/home/is28/beresnev28/beresnev_lr/cpp/img_bmp' for: main.*
NativeParser::GetAllPathsByFilename(): Traversing ' - /disk2/home/is28/beresnev28/beresnev_lr/cpp/img_bmp/' for: main.*
NativeParser::GetAllPathsByFilename(): Found 1 files:
- /disk2/home/is28/beresnev28/beresnev_lr/cpp/img_bmp/main.cpp
ClassBrowser::OnThreadEvent(): Updating class browser...
ClassBrowser::OnThreadEvent(): Class browser updated.
Reparsing when typing for editor /disk2/home/is28/beresnev28/beresnev_lr/cpp/img_bmp/main.cpp
NativeParser::OnParserStart(): Starting re-parsing for project 'img_bmp'...
Project 'img_bmp' parsing stage done (140 total parsed files, 5720 tokens in 0 minute(s), 0.001 seconds).
NativeParser::GetAllPathsByFilename(): Traversing '/disk2/home/is28/beresnev28/beresnev_lr/cpp/img_bmp' for: main.*
NativeParser::GetAllPathsByFilename(): Traversing ' - /disk2/home/is28/beresnev28/beresnev_lr/cpp/img_bmp/' for: main.*
NativeParser::GetAllPathsByFilename(): Found 1 files:
- /disk2/home/is28/beresnev28/beresnev_lr/cpp/img_bmp/main.cpp
ClassBrowser::OnThreadEvent(): Updating class browser...
ClassBrowser::OnThreadEvent(): Class browser updated.
Re-parsed 1 files.
CWD for depslib was: /disk2/home/is28/beresnev28/beresnev_lr/cpp/img_bmp.
CWD for depslib is: /disk2/home/is28/beresnev28/beresnev_lr/cpp/img_bmp.
Scanned 0 files for #includes, cache used 0, cache updated 0
CWD for depslib was: /disk2/home/is28/beresnev28/beresnev_lr/cpp/img_bmp.
CWD for depslib is: /disk2/home/is28/beresnev28/beresnev_lr/cpp/img_bmp.
Scanned 0 files for #includes, cache used 0, cache updated 0
CWD for depslib was: /disk2/home/is28/beresnev28/beresnev_lr/cpp/img_bmp.
CWD for depslib is: /disk2/home/is28/beresnev28/beresnev_lr/cpp/img_bmp.
-------------- Build: Debug in img_bmp (compiler: GNU GCC Compiler)---------------
Scanned 0 files for #includes, cache used 0, cache updated 0
g++ -Wall -fexceptions -g  -c /disk2/home/is28/beresnev28/beresnev_lr/cpp/img_bmp/main.cpp -o obj/Debug/main.o
NativeParser::OnParserStart(): Starting re-parsing for project 'img_bmp'...
Project 'img_bmp' parsing stage done (140 total parsed files, 5720 tokens in 0 minute(s), 0.000 seconds).
NativeParser::GetAllPathsByFilename(): Traversing '/disk2/home/is28/beresnev28/beresnev_lr/cpp/img_bmp' for: main.*
NativeParser::GetAllPathsByFilename(): Traversing ' - /disk2/home/is28/beresnev28/beresnev_lr/cpp/img_bmp/' for: main.*
NativeParser::GetAllPathsByFilename(): Found 1 files:
- /disk2/home/is28/beresnev28/beresnev_lr/cpp/img_bmp/main.cpp
ClassBrowser::OnThreadEvent(): Updating class browser...
ClassBrowser::OnThreadEvent(): Class browser updated.
/disk2/home/is28/beresnev28/beresnev_lr/cpp/img_bmp/main.cpp: In function ‘int main()’:
/disk2/home/is28/beresnev28/beresnev_lr/cpp/img_bmp/main.cpp:41:2: error: ‘cout’ was not declared in this scope
  cout << h2.biWidth << " " << h2.biHeight << " " << h1.bfSize << endl;
  ^~~~
/disk2/home/is28/beresnev28/beresnev_lr/cpp/img_bmp/main.cpp:41:2: note: suggested alternative:
In file included from /disk2/home/is28/beresnev28/beresnev_lr/cpp/img_bmp/main.cpp:1:0:
/usr/include/c++/7/iostream:61:18: note:   ‘std::cout’
   extern ostream cout;  /// Linked to standard output
                  ^~~~
/disk2/home/is28/beresnev28/beresnev_lr/cpp/img_bmp/main.cpp:41:66: error: ‘endl’ was not declared in this scope
  cout << h2.biWidth << " " << h2.biHeight << " " << h1.bfSize << endl;
                                                                  ^~~~
/disk2/home/is28/beresnev28/beresnev_lr/cpp/img_bmp/main.cpp:41:66: note: suggested alternative:
In file included from /usr/include/c++/7/iostream:39:0,
                 from /disk2/home/is28/beresnev28/beresnev_lr/cpp/img_bmp/main.cpp:1:
/usr/include/c++/7/ostream:590:5: note:   ‘std::endl’
     endl(basic_ostream<_CharT, _Traits>& __os)
     ^~~~
Process terminated with status 1 (0 minute(s), 0 second(s))
2 error(s), 0 warning(s) (0 minute(s), 0 second(s))
Reparsing when typing for editor /disk2/home/is28/beresnev28/beresnev_lr/cpp/img_bmp/main.cpp
NativeParser::OnParserStart(): Starting re-parsing for project 'img_bmp'...
Project 'img_bmp' parsing stage done (140 total parsed files, 5720 tokens in 0 minute(s), 0.000 seconds).
NativeParser::GetAllPathsByFilename(): Traversing '/disk2/home/is28/beresnev28/beresnev_lr/cpp/img_bmp' for: main.*
NativeParser::GetAllPathsByFilename(): Traversing ' - /disk2/home/is28/beresnev28/beresnev_lr/cpp/img_bmp/' for: main.*
NativeParser::GetAllPathsByFilename(): Found 1 files:
- /disk2/home/is28/beresnev28/beresnev_lr/cpp/img_bmp/main.cpp
ClassBrowser::OnThreadEvent(): Updating class browser...
ClassBrowser::OnThreadEvent(): Class browser updated.
Reparsing when typing for editor /disk2/home/is28/beresnev28/beresnev_lr/cpp/img_bmp/main.cpp
NativeParser::OnParserStart(): Starting re-parsing for project 'img_bmp'...
Project 'img_bmp' parsing stage done (140 total parsed files, 5720 tokens in 0 minute(s), 0.001 seconds).
NativeParser::GetAllPathsByFilename(): Traversing '/disk2/home/is28/beresnev28/beresnev_lr/cpp/img_bmp' for: main.*
NativeParser::GetAllPathsByFilename(): Traversing ' - /disk2/home/is28/beresnev28/beresnev_lr/cpp/img_bmp/' for: main.*
NativeParser::GetAllPathsByFilename(): Found 1 files:
- /disk2/home/is28/beresnev28/beresnev_lr/cpp/img_bmp/main.cpp
ClassBrowser::OnThreadEvent(): Updating class browser...
ClassBrowser::OnThreadEvent(): Class browser updated.
Re-parsed 1 files.
Reparsing when typing for editor /disk2/home/is28/beresnev28/beresnev_lr/cpp/img_bmp/main.cpp
NativeParser::OnParserStart(): Starting re-parsing for project 'img_bmp'...
Project 'img_bmp' parsing stage done (140 total parsed files, 5720 tokens in 0 minute(s), 0.004 seconds).
NativeParser::GetAllPathsByFilename(): Traversing '/disk2/home/is28/beresnev28/beresnev_lr/cpp/img_bmp' for: main.*
NativeParser::GetAllPathsByFilename(): Traversing ' - /disk2/home/is28/beresnev28/beresnev_lr/cpp/img_bmp/' for: main.*
NativeParser::GetAllPathsByFilename(): Found 1 files:
- /disk2/home/is28/beresnev28/beresnev_lr/cpp/img_bmp/main.cpp
ClassBrowser::OnThreadEvent(): Updating class browser...
ClassBrowser::OnThreadEvent(): Class browser updated.
Reparsing when typing for editor /disk2/home/is28/beresnev28/beresnev_lr/cpp/img_bmp/main.cpp
NativeParser::OnParserStart(): Starting re-parsing for project 'img_bmp'...
Project 'img_bmp' parsing stage done (140 total parsed files, 5720 tokens in 0 minute(s), 0.000 seconds).
NativeParser::GetAllPathsByFilename(): Traversing '/disk2/home/is28/beresnev28/beresnev_lr/cpp/img_bmp' for: main.*
NativeParser::GetAllPathsByFilename(): Traversing ' - /disk2/home/is28/beresnev28/beresnev_lr/cpp/img_bmp/' for: main.*
NativeParser::GetAllPathsByFilename(): Found 1 files:
- /disk2/home/is28/beresnev28/beresnev_lr/cpp/img_bmp/main.cpp
ClassBrowser::OnThreadEvent(): Updating class browser...
ClassBrowser::OnThreadEvent(): Class browser updated.
Re-parsed 1 files.
NativeParser::OnParserStart(): Starting re-parsing for project 'img_bmp'...
Project 'img_bmp' parsing stage done (140 total parsed files, 5705 tokens in 0 minute(s), 0.000 seconds).
NativeParser::GetAllPathsByFilename(): Traversing '/disk2/home/is28/beresnev28/beresnev_lr/cpp/img_bmp' for: main.*
NativeParser::GetAllPathsByFilename(): Traversing ' - /disk2/home/is28/beresnev28/beresnev_lr/cpp/img_bmp/' for: main.*
NativeParser::GetAllPathsByFilename(): Found 1 files:
- /disk2/home/is28/beresnev28/beresnev_lr/cpp/img_bmp/main.cpp
ClassBrowser::OnThreadEvent(): Updating class browser...
ClassBrowser::OnThreadEvent(): Class browser updated.
CWD for depslib was: /disk2/home/is28/beresnev28/beresnev_lr/cpp/img_bmp.
CWD for depslib is: /disk2/home/is28/beresnev28/beresnev_lr/cpp/img_bmp.
Scanned 0 files for #includes, cache used 0, cache updated 0
CWD for depslib was: /disk2/home/is28/beresnev28/beresnev_lr/cpp/img_bmp.
CWD for depslib is: /disk2/home/is28/beresnev28/beresnev_lr/cpp/img_bmp.
Scanned 0 files for #includes, cache used 0, cache updated 0
CWD for depslib was: /disk2/home/is28/beresnev28/beresnev_lr/cpp/img_bmp.
CWD for depslib is: /disk2/home/is28/beresnev28/beresnev_lr/cpp/img_bmp.
-------------- Build: Debug in img_bmp (compiler: GNU GCC Compiler)---------------
Scanned 0 files for #includes, cache used 0, cache updated 0
g++ -Wall -fexceptions -g  -c /disk2/home/is28/beresnev28/beresnev_lr/cpp/img_bmp/main.cpp -o obj/Debug/main.o
/disk2/home/is28/beresnev28/beresnev_lr/cpp/img_bmp/main.cpp:6:9: error: ‘#pragma’ is not allowed here
 #pragma pack (push, 1)
         ^~~~
/disk2/home/is28/beresnev28/beresnev_lr/cpp/img_bmp/main.cpp:32:19: warning: #pragma pack (pop) encountered without matching #pragma pack (push) [-Wpragmas]
 #pragma pack ( pop)
                   ^
Process terminated with status 1 (0 minute(s), 0 second(s))
1 error(s), 1 warning(s) (0 minute(s), 0 second(s))
Reparsing when typing for editor /disk2/home/is28/beresnev28/beresnev_lr/cpp/img_bmp/main.cpp
NativeParser::OnParserStart(): Starting re-parsing for project 'img_bmp'...
Project 'img_bmp' parsing stage done (140 total parsed files, 5705 tokens in 0 minute(s), 0.000 seconds).
NativeParser::GetAllPathsByFilename(): Traversing '/disk2/home/is28/beresnev28/beresnev_lr/cpp/img_bmp' for: main.*
NativeParser::GetAllPathsByFilename(): Traversing ' - /disk2/home/is28/beresnev28/beresnev_lr/cpp/img_bmp/' for: main.*
NativeParser::GetAllPathsByFilename(): Found 1 files:
- /disk2/home/is28/beresnev28/beresnev_lr/cpp/img_bmp/main.cpp
ClassBrowser::OnThreadEvent(): Updating class browser...
ClassBrowser::OnThreadEvent(): Class browser updated.
Reparsing when typing for editor /disk2/home/is28/beresnev28/beresnev_lr/cpp/img_bmp/main.cpp
NativeParser::OnParserStart(): Starting re-parsing for project 'img_bmp'...
Project 'img_bmp' parsing stage done (140 total parsed files, 5705 tokens in 0 minute(s), 0.000 seconds).
NativeParser::GetAllPathsByFilename(): Traversing '/disk2/home/is28/beresnev28/beresnev_lr/cpp/img_bmp' for: main.*
NativeParser::GetAllPathsByFilename(): Traversing ' - /disk2/home/is28/beresnev28/beresnev_lr/cpp/img_bmp/' for: main.*
NativeParser::GetAllPathsByFilename(): Found 1 files:
- /disk2/home/is28/beresnev28/beresnev_lr/cpp/img_bmp/main.cpp
ClassBrowser::OnThreadEvent(): Updating class browser...
ClassBrowser::OnThreadEvent(): Class browser updated.
Reparsing when typing for editor /disk2/home/is28/beresnev28/beresnev_lr/cpp/img_bmp/main.cpp
NativeParser::OnParserStart(): Starting re-parsing for project 'img_bmp'...
Project 'img_bmp' parsing stage done (140 total parsed files, 5705 tokens in 0 minute(s), 0.000 seconds).
NativeParser::GetAllPathsByFilename(): Traversing '/disk2/home/is28/beresnev28/beresnev_lr/cpp/img_bmp' for: main.*
NativeParser::GetAllPathsByFilename(): Traversing ' - /disk2/home/is28/beresnev28/beresnev_lr/cpp/img_bmp/' for: main.*
NativeParser::GetAllPathsByFilename(): Found 1 files:
- /disk2/home/is28/beresnev28/beresnev_lr/cpp/img_bmp/main.cpp
ClassBrowser::OnThreadEvent(): Updating class browser...
ClassBrowser::OnThreadEvent(): Class browser updated.
Reparsing when typing for editor /disk2/home/is28/beresnev28/beresnev_lr/cpp/img_bmp/main.cpp
NativeParser::OnParserStart(): Starting re-parsing for project 'img_bmp'...
Project 'img_bmp' parsing stage done (140 total parsed files, 5705 tokens in 0 minute(s), 0.001 seconds).
NativeParser::GetAllPathsByFilename(): Traversing '/disk2/home/is28/beresnev28/beresnev_lr/cpp/img_bmp' for: main.*
NativeParser::GetAllPathsByFilename(): Traversing ' - /disk2/home/is28/beresnev28/beresnev_lr/cpp/img_bmp/' for: main.*
NativeParser::GetAllPathsByFilename(): Found 1 files:
- /disk2/home/is28/beresnev28/beresnev_lr/cpp/img_bmp/main.cpp
ClassBrowser::OnThreadEvent(): Updating class browser...
ClassBrowser::OnThreadEvent(): Class browser updated.
Reparsing when typing for editor /disk2/home/is28/beresnev28/beresnev_lr/cpp/img_bmp/main.cpp
NativeParser::OnParserStart(): Starting re-parsing for project 'img_bmp'...
Project 'img_bmp' parsing stage done (140 total parsed files, 5720 tokens in 0 minute(s), 0.016 seconds).
NativeParser::GetAllPathsByFilename(): Traversing '/disk2/home/is28/beresnev28/beresnev_lr/cpp/img_bmp' for: main.*
NativeParser::GetAllPathsByFilename(): Traversing ' - /disk2/home/is28/beresnev28/beresnev_lr/cpp/img_bmp/' for: main.*
NativeParser::GetAllPathsByFilename(): Found 1 files:
- /disk2/home/is28/beresnev28/beresnev_lr/cpp/img_bmp/main.cpp
ClassBrowser::OnThreadEvent(): Updating class browser...
ClassBrowser::OnThreadEvent(): Class browser updated.
CWD for depslib was: /disk2/home/is28/beresnev28/beresnev_lr/cpp/img_bmp.
CWD for depslib is: /disk2/home/is28/beresnev28/beresnev_lr/cpp/img_bmp.
Scanned 0 files for #includes, cache used 0, cache updated 0
CWD for depslib was: /disk2/home/is28/beresnev28/beresnev_lr/cpp/img_bmp.
CWD for depslib is: /disk2/home/is28/beresnev28/beresnev_lr/cpp/img_bmp.
Scanned 0 files for #includes, cache used 0, cache updated 0
CWD for depslib was: /disk2/home/is28/beresnev28/beresnev_lr/cpp/img_bmp.
CWD for depslib is: /disk2/home/is28/beresnev28/beresnev_lr/cpp/img_bmp.
-------------- Build: Debug in img_bmp (compiler: GNU GCC Compiler)---------------
Scanned 0 files for #includes, cache used 0, cache updated 0
g++ -Wall -fexceptions -g  -c /disk2/home/is28/beresnev28/beresnev_lr/cpp/img_bmp/main.cpp -o obj/Debug/main.o
Re-parsed 1 files.
g++  -o bin/Debug/img_bmp obj/Debug/main.o   
Output file is bin/Debug/img_bmp with size 33.05 KB
CWD for depslib was: /disk2/home/is28/beresnev28/beresnev_lr/cpp/img_bmp.
CWD for depslib is: /disk2/home/is28/beresnev28/beresnev_lr/cpp/img_bmp.
Scanned 0 files for #includes, cache used 0, cache updated 0
CWD for depslib was: /disk2/home/is28/beresnev28/beresnev_lr/cpp/img_bmp.
CWD for depslib is: /disk2/home/is28/beresnev28/beresnev_lr/cpp/img_bmp.
Scanned 0 files for #includes, cache used 0, cache updated 0
CWD for depslib was: /disk2/home/is28/beresnev28/beresnev_lr/cpp/img_bmp.
CWD for depslib is: /disk2/home/is28/beresnev28/beresnev_lr/cpp/img_bmp.
Scanned 0 files for #includes, cache used 0, cache updated 0
CWD for depslib was: /disk2/home/is28/beresnev28/beresnev_lr/cpp/img_bmp.
CWD for depslib is: /disk2/home/is28/beresnev28/beresnev_lr/cpp/img_bmp.
Scanned 0 files for #includes, cache used 0, cache updated 0
CWD for depslib was: /disk2/home/is28/beresnev28/beresnev_lr/cpp/img_bmp.
CWD for depslib is: /disk2/home/is28/beresnev28/beresnev_lr/cpp/img_bmp.
Scanned 0 files for #includes, cache used 0, cache updated 0
Process terminated with status 0 (0 minute(s), 0 second(s))
0 error(s), 0 warning(s) (0 minute(s), 0 second(s))
-------------- Run: Debug in img_bmp (compiler: GNU GCC Compiler)---------------
NativeParser::OnParserStart(): Starting re-parsing for project 'img_bmp'...
Project 'img_bmp' parsing stage donQXcbConnection: Failed to initialize XRandr
Qt: XKEYBOARD extension not present on the X server.
Unsupported screen format: depth: 16, red_mask: 3f, blue_mask: f800
Using RGB16 fallback, if this works your X11 server is reporting a bad screen format.
Unsupported screen format: depth: 16, red_mask: 3f, blue_mask: f800
Using RGB16 fallback, if this works your X11 server is reporting a bad screen format.
Unsupported screen format: depth: 16, red_mask: 3f, blue_mask: f800
Using RGB16 fallback, if this works your X11 server is reporting a bad screen format.
QFileSystemWatcher: skipping native engine, using only polling engine
QFileSystemWatcher: skipping native engine, using only polling engine
QFileSystemWatcher: skipping native engine, using only polling engine

Thu Feb 20 10:46:47 2020
 XserverDesktop: Added unknown keysym 0x6ca to keycode 249
 XserverDesktop: Added unknown keysym 0x6c5 to keycode 248
xfwm4-Message: 10:46:47.531: Unsupported keyboard modifier '<Super>Tab'
QXcbConnection: Failed to initialize XRandr
Qt: XKEYBOARD extension not present on the X server.
Unsupported screen format: depth: 16, red_mask: 3f, blue_mask: f800
Using RGB16 fallback, if this works your X11 server is reporting a bad screen format.

Thu Feb 20 10:48:31 2020
 Connections: closed: 0.0.0.0::49581 (read: Connection reset by peer (104))
 SMsgWriter:  framebuffer updates 8593
 SMsgWriter:    copyRect rects 1962, bytes 31392
 SMsgWriter:    hextile rects 29453, bytes 80934344
 SMsgWriter:    raw bytes equivalent 776351762, compression ratio 9.592365

(xfdesktop:32638): libxfce4ui-WARNING **: 09:42:15.778: ICE I/O Error

(xfdesktop:32638): libxfce4ui-WARNING **: 09:42:15.785: Disconnected from session manager.

(xfsettingsd:32643): libxfce4ui-WARNING **: 09:42:15.779: ICE I/O Error

(xfsettingsd:32643): libxfce4ui-WARNING **: 09:42:15.786: Disconnected from session manager.

(x-terminal-emulator:63436): libxfce4ui-WARNING **: 09:42:15.779: ICE I/O Error

(x-terminal-emulator:63436): libxfce4ui-WARNING **: 09:42:15.786: Disconnected from session manager.
xfdesktop: Fatal IO error 25 (Inappropriate ioctl for device) on X server :19.0.
xfwm4: Fatal IO error 4 (Interrupted system call) on X server :19.0.
